2026-04-19 22:05:22,076 | INFO | Output directory: E:\MALA\Code_health\6 未来情景分析\data_raw\cckp_rx1day_timeseries
2026-04-19 22:05:22,076 | INFO | Log file: E:\MALA\Code_health\6 未来情景分析\logs\download_cckp_rx1day_timeseries_20260419_220522.log
2026-04-19 22:05:22,076 | INFO | Preferred format order: xlsx -> json
2026-04-19 22:05:22,076 | INFO | Scenarios: ssp119, ssp126, ssp245, ssp370, ssp585
2026-04-19 22:05:22,076 | INFO | Statistics: median, p10, p90
2026-04-19 22:05:22,076 | INFO | Unavailable statistics currently excluded from downloads: mean
2026-04-19 22:05:22,077 | INFO | Expected combinations: 15
2026-04-19 22:05:22,077 | INFO | [DRY-RUN] ssp119 | median -> https://cckpapi.worldbank.org/api/v1/cmip6-x0.25_timeseries_rx1day_timeseries_annual_2015-2100_median_ssp119_ensemble_all_mean/CHN.@?_format=xlsx
2026-04-19 22:05:22,089 | INFO | [DRY-RUN] target: E:\MALA\Code_health\6 未来情景分析\data_raw\cckp_rx1day_timeseries\rx1day_timeseries_CHNprov_ssp119_median_2015-2100.xlsx
2026-04-19 22:05:22,089 | INFO | Output directory: E:\MALA\Code_health\6 未来情景分析\data_raw\cckp_rx1day_timeseries
2026-04-19 22:05:22,089 | INFO | Log file: E:\MALA\Code_health\6 未来情景分析\logs\download_cckp_rx1day_timeseries_20260419_220522.log
2026-04-19 22:05:22,089 | INFO | [DRY-RUN] ssp119 | p10 -> https://cckpapi.worldbank.org/api/v1/cmip6-x0.25_timeseries_rx1day_timeseries_annual_2015-2100_p10_ssp119_ensemble_all_mean/CHN.@?_format=xlsx
2026-04-19 22:05:22,089 | INFO | Preferred format order: xlsx -> json
6 未来情景分析\data_raw\cckp_rx1day_timeseries\rx1day_timeseries_CHNprov_ssp119_p10_2015-2100.xlsx
2026-04-19 22:05:22,090 | INFO | Scenarios: ssp119, ssp126, ssp245, ssp370, ssp585
2026-04-19 22:05:22,090 | INFO | Statistics: median, p10, p90
2026-04-19 22:05:22,090 | INFO | Unavailable statistics currently excluded from downloads: mean
2026-04-19 22:05:22,090 | INFO | Expected combinations: 15
2026-04-19 22:05:22,090 | INFO | [DRY-RUN] ssp119 | p90 -> https://cckpapi.worldbank.org/api/v1/cmip6-x0.25_timeseries_rx1day_timeseries_annual_2015-2100_p90_ssp119_ensemble_all_mean/CHN.@?_format=xlsx
2026-04-19 22:05:22,090 | INFO | [DRY-RUN] target: E:\MALA\Code_health\6 未来情景分析\data_raw\cckp_rx1day_timeseries\rx1day_timeseries_CHNprov_ssp119_p90_2015-2100.xlsx
2026-04-19 22:05:22,090 | INFO | [DRY-RUN] ssp126 | median -> https://cckpapi.worldbank.org/api/v1/cmip6-x0.25_timeseries_rx1day_timeseries_annual_2015-2100_median_ssp126_ensemble_all_mean/CHN.@?_format=xlsx
2026-04-19 22:05:22,090 | INFO | [TRY] ssp119 | median | format=xlsx | attempt=1/3
2026-04-19 22:05:22,090 | INFO | [DRY-RUN] target: E:\MALA\Code_health\6 未来情景分析\data_raw\cckp_rx1day_timeseries\rx1day_timeseries_CHNprov_ssp126_median_2015-2100.xlsx
2026-04-19 22:05:22,091 | INFO | [DRY-RUN] ssp126 | p10 -> https://cckpapi.worldbank.org/api/v1/cmip6-x0.25_timeseries_rx1day_timeseries_annual_2015-2100_p10_ssp126_ensemble_all_mean/CHN.@?_format=xlsx
2026-04-19 22:05:22,091 | INFO | [DRY-RUN] target: E:\MALA\Code_health\6 未来情景分析\data_raw\cckp_rx1day_timeseries\rx1day_timeseries_CHNprov_ssp126_p10_2015-2100.xlsx
2026-04-19 22:05:22,091 | INFO | [DRY-RUN] ssp126 | p90 -> https://cckpapi.worldbank.org/api/v1/cmip6-x0.25_timeseries_rx1day_timeseries_annual_2015-2100_p90_ssp126_ensemble_all_mean/CHN.@?_format=xlsx
2026-04-19 22:05:22,091 | INFO | [DRY-RUN] target: E:\MALA\Code_health\6 未来情景分析\data_raw\cckp_rx1day_timeseries\rx1day_timeseries_CHNprov_ssp126_p90_2015-2100.xlsx
2026-04-19 22:05:22,092 | INFO | [DRY-RUN] ssp245 | median -> https://cckpapi.worldbank.org/api/v1/cmip6-x0.25_timeseries_rx1day_timeseries_annual_2015-2100_median_ssp245_ensemble_all_mean/CHN.@?_format=xlsx
2026-04-19 22:05:22,092 | INFO | [DRY-RUN] target: E:\MALA\Code_health\6 未来情景分析\data_raw\cckp_rx1day_timeseries\rx1day_timeseries_CHNprov_ssp245_median_2015-2100.xlsx
2026-04-19 22:05:22,092 | INFO | [DRY-RUN] ssp245 | p10 -> https://cckpapi.worldbank.org/api/v1/cmip6-x0.25_timeseries_rx1day_timeseries_annual_2015-2100_p10_ssp245_ensemble_all_mean/CHN.@?_format=xlsx
2026-04-19 22:05:22,092 | INFO | [DRY-RUN] target: E:\MALA\Code_health\6 未来情景分析\data_raw\cckp_rx1day_timeseries\rx1day_timeseries_CHNprov_ssp245_p10_2015-2100.xlsx
2026-04-19 22:05:22,092 | INFO | [DRY-RUN] ssp245 | p90 -> https://cckpapi.worldbank.org/api/v1/cmip6-x0.25_timeseries_rx1day_timeseries_annual_2015-2100_p90_ssp245_ensemble_all_mean/CHN.@?_format=xlsx
2026-04-19 22:05:22,093 | INFO | [DRY-RUN] target: E:\MALA\Code_health\6 未来情景分析\data_raw\cckp_rx1day_timeseries\rx1day_timeseries_CHNprov_ssp245_p90_2015-2100.xlsx
2026-04-19 22:05:22,093 | INFO | [DRY-RUN] ssp370 | median -> https://cckpapi.worldbank.org/api/v1/cmip6-x0.25_timeseries_rx1day_timeseries_annual_2015-2100_median_ssp370_ensemble_all_mean/CHN.@?_format=xlsx
2026-04-19 22:05:22,093 | INFO | [DRY-RUN] target: E:\MALA\Code_health\6 未来情景分析\data_raw\cckp_rx1day_timeseries\rx1day_timeseries_CHNprov_ssp370_median_2015-2100.xlsx
2026-04-19 22:05:22,093 | INFO | [DRY-RUN] ssp370 | p10 -> https://cckpapi.worldbank.org/api/v1/cmip6-x0.25_timeseries_rx1day_timeseries_annual_2015-2100_p10_ssp370_ensemble_all_mean/CHN.@?_format=xlsx
2026-04-19 22:05:22,093 | INFO | [DRY-RUN] target: E:\MALA\Code_health\6 未来情景分析\data_raw\cckp_rx1day_timeseries\rx1day_timeseries_CHNprov_ssp370_p10_2015-2100.xlsx
2026-04-19 22:05:22,094 | INFO | [DRY-RUN] ssp370 | p90 -> https://cckpapi.worldbank.org/api/v1/cmip6-x0.25_timeseries_rx1day_timeseries_annual_2015-2100_p90_ssp370_ensemble_all_mean/CHN.@?_format=xlsx
2026-04-19 22:05:22,094 | INFO | [DRY-RUN] target: E:\MALA\Code_health\6 未来情景分析\data_raw\cckp_rx1day_timeseries\rx1day_timeseries_CHNprov_ssp370_p90_2015-2100.xlsx
2026-04-19 22:05:22,095 | INFO | [DRY-RUN] ssp585 | median -> https://cckpapi.worldbank.org/api/v1/cmip6-x0.25_timeseries_rx1day_timeseries_annual_2015-2100_median_ssp585_ensemble_all_mean/CHN.@?_format=xlsx
2026-04-19 22:05:22,095 | INFO | [DRY-RUN] target: E:\MALA\Code_health\6 未来情景分析\data_raw\cckp_rx1day_timeseries\rx1day_timeseries_CHNprov_ssp585_median_2015-2100.xlsx
2026-04-19 22:05:22,095 | INFO | [DRY-RUN] ssp585 | p10 -> https://cckpapi.worldbank.org/api/v1/cmip6-x0.25_timeseries_rx1day_timeseries_annual_2015-2100_p10_ssp585_ensemble_all_mean/CHN.@?_format=xlsx
2026-04-19 22:05:22,095 | INFO | [DRY-RUN] target: E:\MALA\Code_health\6 未来情景分析\data_raw\cckp_rx1day_timeseries\rx1day_timeseries_CHNprov_ssp585_p10_2015-2100.xlsx
2026-04-19 22:05:22,096 | INFO | [DRY-RUN] ssp585 | p90 -> https://cckpapi.worldbank.org/api/v1/cmip6-x0.25_timeseries_rx1day_timeseries_annual_2015-2100_p90_ssp585_ensemble_all_mean/CHN.@?_format=xlsx
2026-04-19 22:05:22,096 | INFO | [DRY-RUN] target: E:\MALA\Code_health\6 未来情景分析\data_raw\cckp_rx1day_timeseries\rx1day_timeseries_CHNprov_ssp585_p90_2015-2100.xlsx
2026-04-19 22:05:22,096 | INFO | Summary: {'downloaded': 0, 'skipped': 0, 'failed': 0, 'dry-run': 15}
