2026-04-19 21:10:40,689 | INFO | Source directory: E:\MALA\Code_health\6 未来情景分析\data_raw\cckp_rx1day
2026-04-19 21:10:40,690 | INFO | Log file: E:\MALA\Code_health\6 未来情景分析\logs\merge_cckp_rx1day_20260419_211040.log
2026-04-19 21:10:41,061 | INFO | rx1day_CHNprov_ssp119_median_2020-2039.xlsx | sheet=all,header_row=0 | columns=['code', 'name', '2020-07']
2026-04-19 21:10:41,068 | INFO | rx1day_CHNprov_ssp119_median_2020-2039.xlsx | sheet=all,header_row=19 | columns=['CHN.147295917', 'Nei Mongol Zizhiqu', '20.46']
2026-04-19 21:10:41,078 | INFO | rx1day_CHNprov_ssp119_median_2020-2039.xlsx | sheet=all,header_row=18 | columns=['CHN.147295916', 'Liaoning Sheng', '42.27']
2026-04-19 21:10:41,104 | INFO | rx1day_CHNprov_ssp119_median_2020-2039.xlsx | selected candidate=sheet=all,header_row=0 | province_col=name | value_col=2020-07 | rows=33 | score=26.30
2026-04-19 21:10:41,109 | INFO | rx1day_CHNprov_ssp119_median_2020-2039.xlsx | selected candidate=sheet=all,header_row=19 | province_col=Nei Mongol Zizhiqu | value_col=CHN.147295917 | rows=14 | score=16.40
2026-04-19 21:10:41,117 | INFO | rx1day_CHNprov_ssp119_median_2020-2039.xlsx | selected candidate=sheet=all,header_row=18 | province_col=Liaoning Sheng | value_col=CHN.147295916 | rows=15 | score=16.50
2026-04-19 21:10:41,117 | INFO | rx1day_CHNprov_ssp119_median_2020-2039.xlsx | final candidate=sheet=all,header_row=0 | final_rows=33
2026-04-19 21:10:41,151 | INFO | rx1day_CHNprov_ssp119_median_2040-2059.xlsx | sheet=all,header_row=0 | columns=['code', 'name', '2040-07']
2026-04-19 21:10:41,160 | INFO | rx1day_CHNprov_ssp119_median_2040-2059.xlsx | sheet=all,header_row=19 | columns=['CHN.147295917', 'Nei Mongol Zizhiqu', '20.72']
2026-04-19 21:10:41,169 | INFO | rx1day_CHNprov_ssp119_median_2040-2059.xlsx | sheet=all,header_row=18 | columns=['CHN.147295916', 'Liaoning Sheng', '42.55']
2026-04-19 21:10:41,176 | INFO | rx1day_CHNprov_ssp119_median_2040-2059.xlsx | selected candidate=sheet=all,header_row=0 | province_col=name | value_col=2040-07 | rows=33 | score=26.30
2026-04-19 21:10:41,185 | INFO | rx1day_CHNprov_ssp119_median_2040-2059.xlsx | selected candidate=sheet=all,header_row=19 | province_col=Nei Mongol Zizhiqu | value_col=CHN.147295917 | rows=14 | score=16.40
2026-04-19 21:10:41,192 | INFO | rx1day_CHNprov_ssp119_median_2040-2059.xlsx | selected candidate=sheet=all,header_row=18 | province_col=Liaoning Sheng | value_col=CHN.147295916 | rows=15 | score=16.50
2026-04-19 21:10:41,192 | INFO | rx1day_CHNprov_ssp119_median_2040-2059.xlsx | final candidate=sheet=all,header_row=0 | final_rows=33
2026-04-19 21:10:41,216 | INFO | rx1day_CHNprov_ssp119_median_2060-2079.xlsx | sheet=all,header_row=0 | columns=['code', 'name', '2060-07']
2026-04-19 21:10:41,224 | INFO | rx1day_CHNprov_ssp119_median_2060-2079.xlsx | sheet=all,header_row=19 | columns=['CHN.147295917', 'Nei Mongol Zizhiqu', '20.65']
2026-04-19 21:10:41,232 | INFO | rx1day_CHNprov_ssp119_median_2060-2079.xlsx | sheet=all,header_row=18 | columns=['CHN.147295916', 'Liaoning Sheng', '42.58']
2026-04-19 21:10:41,239 | INFO | rx1day_CHNprov_ssp119_median_2060-2079.xlsx | selected candidate=sheet=all,header_row=0 | province_col=name | value_col=2060-07 | rows=33 | score=26.30
2026-04-19 21:10:41,247 | INFO | rx1day_CHNprov_ssp119_median_2060-2079.xlsx | selected candidate=sheet=all,header_row=19 | province_col=Nei Mongol Zizhiqu | value_col=CHN.147295917 | rows=14 | score=16.40
2026-04-19 21:10:41,254 | INFO | rx1day_CHNprov_ssp119_median_2060-2079.xlsx | selected candidate=sheet=all,header_row=18 | province_col=Liaoning Sheng | value_col=CHN.147295916 | rows=15 | score=16.50
2026-04-19 21:10:41,254 | INFO | rx1day_CHNprov_ssp119_median_2060-2079.xlsx | final candidate=sheet=all,header_row=0 | final_rows=33
2026-04-19 21:10:41,276 | INFO | rx1day_CHNprov_ssp119_median_2080-2099.xlsx | sheet=all,header_row=0 | columns=['code', 'name', '2080-07']
2026-04-19 21:10:41,285 | INFO | rx1day_CHNprov_ssp119_median_2080-2099.xlsx | sheet=all,header_row=19 | columns=['CHN.147295917', 'Nei Mongol Zizhiqu', '20.54']
2026-04-19 21:10:41,293 | INFO | rx1day_CHNprov_ssp119_median_2080-2099.xlsx | sheet=all,header_row=18 | columns=['CHN.147295916', 'Liaoning Sheng', '42.4']
2026-04-19 21:10:41,299 | INFO | rx1day_CHNprov_ssp119_median_2080-2099.xlsx | selected candidate=sheet=all,header_row=0 | province_col=name | value_col=2080-07 | rows=33 | score=26.30
2026-04-19 21:10:41,305 | INFO | rx1day_CHNprov_ssp119_median_2080-2099.xlsx | selected candidate=sheet=all,header_row=19 | province_col=Nei Mongol Zizhiqu | value_col=CHN.147295917 | rows=14 | score=16.40
2026-04-19 21:10:41,311 | INFO | rx1day_CHNprov_ssp119_median_2080-2099.xlsx | selected candidate=sheet=all,header_row=18 | province_col=Liaoning Sheng | value_col=CHN.147295916 | rows=15 | score=16.50
2026-04-19 21:10:41,311 | INFO | rx1day_CHNprov_ssp119_median_2080-2099.xlsx | final candidate=sheet=all,header_row=0 | final_rows=33
2026-04-19 21:10:41,334 | INFO | rx1day_CHNprov_ssp119_p10_2020-2039.xlsx | sheet=all,header_row=0 | columns=['code', 'name', '2020-07']
2026-04-19 21:10:41,346 | INFO | rx1day_CHNprov_ssp119_p10_2020-2039.xlsx | sheet=all,header_row=19 | columns=['CHN.147295917', 'Nei Mongol Zizhiqu', '14.28']
2026-04-19 21:10:41,355 | INFO | rx1day_CHNprov_ssp119_p10_2020-2039.xlsx | sheet=all,header_row=18 | columns=['CHN.147295916', 'Liaoning Sheng', '29.87']
2026-04-19 21:10:41,362 | INFO | rx1day_CHNprov_ssp119_p10_2020-2039.xlsx | selected candidate=sheet=all,header_row=0 | province_col=name | value_col=2020-07 | rows=33 | score=26.30
2026-04-19 21:10:41,370 | INFO | rx1day_CHNprov_ssp119_p10_2020-2039.xlsx | selected candidate=sheet=all,header_row=19 | province_col=Nei Mongol Zizhiqu | value_col=CHN.147295917 | rows=14 | score=16.40
2026-04-19 21:10:41,377 | INFO | rx1day_CHNprov_ssp119_p10_2020-2039.xlsx | selected candidate=sheet=all,header_row=18 | province_col=Liaoning Sheng | value_col=CHN.147295916 | rows=15 | score=16.50
2026-04-19 21:10:41,378 | INFO | rx1day_CHNprov_ssp119_p10_2020-2039.xlsx | final candidate=sheet=all,header_row=0 | final_rows=33
2026-04-19 21:10:41,402 | INFO | rx1day_CHNprov_ssp119_p10_2040-2059.xlsx | sheet=all,header_row=0 | columns=['code', 'name', '2040-07']
2026-04-19 21:10:41,411 | INFO | rx1day_CHNprov_ssp119_p10_2040-2059.xlsx | sheet=all,header_row=19 | columns=['CHN.147295917', 'Nei Mongol Zizhiqu', '14.53']
2026-04-19 21:10:41,419 | INFO | rx1day_CHNprov_ssp119_p10_2040-2059.xlsx | sheet=all,header_row=18 | columns=['CHN.147295916', 'Liaoning Sheng', '30.18']
2026-04-19 21:10:41,425 | INFO | rx1day_CHNprov_ssp119_p10_2040-2059.xlsx | selected candidate=sheet=all,header_row=0 | province_col=name | value_col=2040-07 | rows=33 | score=26.30
2026-04-19 21:10:41,432 | INFO | rx1day_CHNprov_ssp119_p10_2040-2059.xlsx | selected candidate=sheet=all,header_row=19 | province_col=Nei Mongol Zizhiqu | value_col=CHN.147295917 | rows=14 | score=16.40
2026-04-19 21:10:41,439 | INFO | rx1day_CHNprov_ssp119_p10_2040-2059.xlsx | selected candidate=sheet=all,header_row=18 | province_col=Liaoning Sheng | value_col=CHN.147295916 | rows=15 | score=16.50
2026-04-19 21:10:41,440 | INFO | rx1day_CHNprov_ssp119_p10_2040-2059.xlsx | final candidate=sheet=all,header_row=0 | final_rows=33
2026-04-19 21:10:41,467 | INFO | rx1day_CHNprov_ssp119_p10_2060-2079.xlsx | sheet=all,header_row=0 | columns=['code', 'name', '2060-07']
2026-04-19 21:10:41,476 | INFO | rx1day_CHNprov_ssp119_p10_2060-2079.xlsx | sheet=all,header_row=19 | columns=['CHN.147295917', 'Nei Mongol Zizhiqu', '14.62']
2026-04-19 21:10:41,485 | INFO | rx1day_CHNprov_ssp119_p10_2060-2079.xlsx | sheet=all,header_row=18 | columns=['CHN.147295916', 'Liaoning Sheng', '30.4']
2026-04-19 21:10:41,491 | INFO | rx1day_CHNprov_ssp119_p10_2060-2079.xlsx | selected candidate=sheet=all,header_row=0 | province_col=name | value_col=2060-07 | rows=33 | score=26.30
2026-04-19 21:10:41,496 | INFO | rx1day_CHNprov_ssp119_p10_2060-2079.xlsx | selected candidate=sheet=all,header_row=19 | province_col=Nei Mongol Zizhiqu | value_col=CHN.147295917 | rows=14 | score=16.40
2026-04-19 21:10:41,502 | INFO | rx1day_CHNprov_ssp119_p10_2060-2079.xlsx | selected candidate=sheet=all,header_row=18 | province_col=Liaoning Sheng | value_col=CHN.147295916 | rows=15 | score=16.50
2026-04-19 21:10:41,502 | INFO | rx1day_CHNprov_ssp119_p10_2060-2079.xlsx | final candidate=sheet=all,header_row=0 | final_rows=33
2026-04-19 21:10:41,524 | INFO | rx1day_CHNprov_ssp119_p10_2080-2099.xlsx | sheet=all,header_row=0 | columns=['code', 'name', '2080-07']
2026-04-19 21:10:41,532 | INFO | rx1day_CHNprov_ssp119_p10_2080-2099.xlsx | sheet=all,header_row=19 | columns=['CHN.147295917', 'Nei Mongol Zizhiqu', '14.58']
2026-04-19 21:10:41,542 | INFO | rx1day_CHNprov_ssp119_p10_2080-2099.xlsx | sheet=all,header_row=18 | columns=['CHN.147295916', 'Liaoning Sheng', '30.36']
2026-04-19 21:10:41,548 | INFO | rx1day_CHNprov_ssp119_p10_2080-2099.xlsx | selected candidate=sheet=all,header_row=0 | province_col=name | value_col=2080-07 | rows=33 | score=26.30
2026-04-19 21:10:41,554 | INFO | rx1day_CHNprov_ssp119_p10_2080-2099.xlsx | selected candidate=sheet=all,header_row=19 | province_col=Nei Mongol Zizhiqu | value_col=CHN.147295917 | rows=14 | score=16.40
2026-04-19 21:10:41,559 | INFO | rx1day_CHNprov_ssp119_p10_2080-2099.xlsx | selected candidate=sheet=all,header_row=18 | province_col=Liaoning Sheng | value_col=CHN.147295916 | rows=15 | score=16.50
2026-04-19 21:10:41,559 | INFO | rx1day_CHNprov_ssp119_p10_2080-2099.xlsx | final candidate=sheet=all,header_row=0 | final_rows=33
2026-04-19 21:10:41,581 | INFO | rx1day_CHNprov_ssp119_p90_2020-2039.xlsx | sheet=all,header_row=0 | columns=['code', 'name', '2020-07']
2026-04-19 21:10:41,589 | INFO | rx1day_CHNprov_ssp119_p90_2020-2039.xlsx | sheet=all,header_row=19 | columns=['CHN.147295917', 'Nei Mongol Zizhiqu', '28.18']
2026-04-19 21:10:41,596 | INFO | rx1day_CHNprov_ssp119_p90_2020-2039.xlsx | sheet=all,header_row=18 | columns=['CHN.147295916', 'Liaoning Sheng', '57.3']
2026-04-19 21:10:41,602 | INFO | rx1day_CHNprov_ssp119_p90_2020-2039.xlsx | selected candidate=sheet=all,header_row=0 | province_col=name | value_col=2020-07 | rows=33 | score=26.30
2026-04-19 21:10:41,609 | INFO | rx1day_CHNprov_ssp119_p90_2020-2039.xlsx | selected candidate=sheet=all,header_row=19 | province_col=Nei Mongol Zizhiqu | value_col=CHN.147295917 | rows=14 | score=16.40
2026-04-19 21:10:41,615 | INFO | rx1day_CHNprov_ssp119_p90_2020-2039.xlsx | selected candidate=sheet=all,header_row=18 | province_col=Liaoning Sheng | value_col=CHN.147295916 | rows=15 | score=16.50
2026-04-19 21:10:41,616 | INFO | rx1day_CHNprov_ssp119_p90_2020-2039.xlsx | final candidate=sheet=all,header_row=0 | final_rows=33
2026-04-19 21:10:41,638 | INFO | rx1day_CHNprov_ssp119_p90_2040-2059.xlsx | sheet=all,header_row=0 | columns=['code', 'name', '2040-07']
2026-04-19 21:10:41,646 | INFO | rx1day_CHNprov_ssp119_p90_2040-2059.xlsx | sheet=all,header_row=19 | columns=['CHN.147295917', 'Nei Mongol Zizhiqu', '28.4']
2026-04-19 21:10:41,653 | INFO | rx1day_CHNprov_ssp119_p90_2040-2059.xlsx | sheet=all,header_row=18 | columns=['CHN.147295916', 'Liaoning Sheng', '58.09']
2026-04-19 21:10:41,659 | INFO | rx1day_CHNprov_ssp119_p90_2040-2059.xlsx | selected candidate=sheet=all,header_row=0 | province_col=name | value_col=2040-07 | rows=33 | score=26.30
2026-04-19 21:10:41,664 | INFO | rx1day_CHNprov_ssp119_p90_2040-2059.xlsx | selected candidate=sheet=all,header_row=19 | province_col=Nei Mongol Zizhiqu | value_col=CHN.147295917 | rows=14 | score=16.40
2026-04-19 21:10:41,669 | INFO | rx1day_CHNprov_ssp119_p90_2040-2059.xlsx | selected candidate=sheet=all,header_row=18 | province_col=Liaoning Sheng | value_col=CHN.147295916 | rows=15 | score=16.50
2026-04-19 21:10:41,669 | INFO | rx1day_CHNprov_ssp119_p90_2040-2059.xlsx | final candidate=sheet=all,header_row=0 | final_rows=33
2026-04-19 21:10:41,690 | INFO | rx1day_CHNprov_ssp119_p90_2060-2079.xlsx | sheet=all,header_row=0 | columns=['code', 'name', '2060-07']
2026-04-19 21:10:41,697 | INFO | rx1day_CHNprov_ssp119_p90_2060-2079.xlsx | sheet=all,header_row=19 | columns=['CHN.147295917', 'Nei Mongol Zizhiqu', '28.21']
2026-04-19 21:10:41,705 | INFO | rx1day_CHNprov_ssp119_p90_2060-2079.xlsx | sheet=all,header_row=18 | columns=['CHN.147295916', 'Liaoning Sheng', '58.06']
2026-04-19 21:10:41,711 | INFO | rx1day_CHNprov_ssp119_p90_2060-2079.xlsx | selected candidate=sheet=all,header_row=0 | province_col=name | value_col=2060-07 | rows=33 | score=26.30
2026-04-19 21:10:41,717 | INFO | rx1day_CHNprov_ssp119_p90_2060-2079.xlsx | selected candidate=sheet=all,header_row=19 | province_col=Nei Mongol Zizhiqu | value_col=CHN.147295917 | rows=14 | score=16.40
2026-04-19 21:10:41,723 | INFO | rx1day_CHNprov_ssp119_p90_2060-2079.xlsx | selected candidate=sheet=all,header_row=18 | province_col=Liaoning Sheng | value_col=CHN.147295916 | rows=15 | score=16.50
2026-04-19 21:10:41,723 | INFO | rx1day_CHNprov_ssp119_p90_2060-2079.xlsx | final candidate=sheet=all,header_row=0 | final_rows=33
2026-04-19 21:10:41,745 | INFO | rx1day_CHNprov_ssp119_p90_2080-2099.xlsx | sheet=all,header_row=0 | columns=['code', 'name', '2080-07']
2026-04-19 21:10:41,753 | INFO | rx1day_CHNprov_ssp119_p90_2080-2099.xlsx | sheet=all,header_row=19 | columns=['CHN.147295917', 'Nei Mongol Zizhiqu', '28.05']
2026-04-19 21:10:41,760 | INFO | rx1day_CHNprov_ssp119_p90_2080-2099.xlsx | sheet=all,header_row=18 | columns=['CHN.147295916', 'Liaoning Sheng', '57.89']
2026-04-19 21:10:41,766 | INFO | rx1day_CHNprov_ssp119_p90_2080-2099.xlsx | selected candidate=sheet=all,header_row=0 | province_col=name | value_col=2080-07 | rows=33 | score=26.30
2026-04-19 21:10:41,770 | INFO | rx1day_CHNprov_ssp119_p90_2080-2099.xlsx | selected candidate=sheet=all,header_row=19 | province_col=Nei Mongol Zizhiqu | value_col=CHN.147295917 | rows=14 | score=16.40
2026-04-19 21:10:41,777 | INFO | rx1day_CHNprov_ssp119_p90_2080-2099.xlsx | selected candidate=sheet=all,header_row=18 | province_col=Liaoning Sheng | value_col=CHN.147295916 | rows=15 | score=16.50
2026-04-19 21:10:41,777 | INFO | rx1day_CHNprov_ssp119_p90_2080-2099.xlsx | final candidate=sheet=all,header_row=0 | final_rows=33
2026-04-19 21:10:41,797 | INFO | rx1day_CHNprov_ssp126_median_2020-2039.xlsx | sheet=all,header_row=0 | columns=['code', 'name', '2020-07']
2026-04-19 21:10:41,805 | INFO | rx1day_CHNprov_ssp126_median_2020-2039.xlsx | sheet=all,header_row=19 | columns=['CHN.147295917', 'Nei Mongol Zizhiqu', '20.91']
2026-04-19 21:10:41,831 | INFO | rx1day_CHNprov_ssp126_median_2020-2039.xlsx | sheet=all,header_row=18 | columns=['CHN.147295916', 'Liaoning Sheng', '43.92']
2026-04-19 21:10:41,836 | INFO | rx1day_CHNprov_ssp126_median_2020-2039.xlsx | selected candidate=sheet=all,header_row=0 | province_col=name | value_col=2020-07 | rows=34 | score=26.40
2026-04-19 21:10:41,843 | INFO | rx1day_CHNprov_ssp126_median_2020-2039.xlsx | selected candidate=sheet=all,header_row=19 | province_col=Nei Mongol Zizhiqu | value_col=CHN.147295917 | rows=15 | score=16.50
2026-04-19 21:10:41,848 | INFO | rx1day_CHNprov_ssp126_median_2020-2039.xlsx | selected candidate=sheet=all,header_row=18 | province_col=Liaoning Sheng | value_col=CHN.147295916 | rows=16 | score=16.60
2026-04-19 21:10:41,848 | INFO | rx1day_CHNprov_ssp126_median_2020-2039.xlsx | final candidate=sheet=all,header_row=0 | final_rows=34
2026-04-19 21:10:41,878 | INFO | rx1day_CHNprov_ssp126_median_2040-2059.xlsx | sheet=all,header_row=0 | columns=['code', 'name', '2040-07']
2026-04-19 21:10:41,888 | INFO | rx1day_CHNprov_ssp126_median_2040-2059.xlsx | sheet=all,header_row=19 | columns=['CHN.147295917', 'Nei Mongol Zizhiqu', '21.36']
2026-04-19 21:10:41,896 | INFO | rx1day_CHNprov_ssp126_median_2040-2059.xlsx | sheet=all,header_row=18 | columns=['CHN.147295916', 'Liaoning Sheng', '43.1']
2026-04-19 21:10:41,902 | INFO | rx1day_CHNprov_ssp126_median_2040-2059.xlsx | selected candidate=sheet=all,header_row=0 | province_col=name | value_col=2040-07 | rows=34 | score=26.40
2026-04-19 21:10:41,908 | INFO | rx1day_CHNprov_ssp126_median_2040-2059.xlsx | selected candidate=sheet=all,header_row=19 | province_col=Nei Mongol Zizhiqu | value_col=CHN.147295917 | rows=15 | score=16.50
2026-04-19 21:10:41,914 | INFO | rx1day_CHNprov_ssp126_median_2040-2059.xlsx | selected candidate=sheet=all,header_row=18 | province_col=Liaoning Sheng | value_col=CHN.147295916 | rows=16 | score=16.60
2026-04-19 21:10:41,914 | INFO | rx1day_CHNprov_ssp126_median_2040-2059.xlsx | final candidate=sheet=all,header_row=0 | final_rows=34
2026-04-19 21:10:41,935 | INFO | rx1day_CHNprov_ssp126_median_2060-2079.xlsx | sheet=all,header_row=0 | columns=['code', 'name', '2060-07']
2026-04-19 21:10:41,942 | INFO | rx1day_CHNprov_ssp126_median_2060-2079.xlsx | sheet=all,header_row=19 | columns=['CHN.147295917', 'Nei Mongol Zizhiqu', '21.52']
2026-04-19 21:10:41,950 | INFO | rx1day_CHNprov_ssp126_median_2060-2079.xlsx | sheet=all,header_row=18 | columns=['CHN.147295916', 'Liaoning Sheng', '43.97']
2026-04-19 21:10:41,955 | INFO | rx1day_CHNprov_ssp126_median_2060-2079.xlsx | selected candidate=sheet=all,header_row=0 | province_col=name | value_col=2060-07 | rows=34 | score=26.40
2026-04-19 21:10:41,960 | INFO | rx1day_CHNprov_ssp126_median_2060-2079.xlsx | selected candidate=sheet=all,header_row=19 | province_col=Nei Mongol Zizhiqu | value_col=CHN.147295917 | rows=15 | score=16.50
2026-04-19 21:10:41,965 | INFO | rx1day_CHNprov_ssp126_median_2060-2079.xlsx | selected candidate=sheet=all,header_row=18 | province_col=Liaoning Sheng | value_col=CHN.147295916 | rows=16 | score=16.60
2026-04-19 21:10:41,965 | INFO | rx1day_CHNprov_ssp126_median_2060-2079.xlsx | final candidate=sheet=all,header_row=0 | final_rows=34
2026-04-19 21:10:41,988 | INFO | rx1day_CHNprov_ssp126_median_2080-2099.xlsx | sheet=all,header_row=0 | columns=['code', 'name', '2080-07']
2026-04-19 21:10:41,995 | INFO | rx1day_CHNprov_ssp126_median_2080-2099.xlsx | sheet=all,header_row=19 | columns=['CHN.147295917', 'Nei Mongol Zizhiqu', '21.68']
2026-04-19 21:10:42,003 | INFO | rx1day_CHNprov_ssp126_median_2080-2099.xlsx | sheet=all,header_row=18 | columns=['CHN.147295916', 'Liaoning Sheng', '44.57']
2026-04-19 21:10:42,009 | INFO | rx1day_CHNprov_ssp126_median_2080-2099.xlsx | selected candidate=sheet=all,header_row=0 | province_col=name | value_col=2080-07 | rows=34 | score=26.40
2026-04-19 21:10:42,016 | INFO | rx1day_CHNprov_ssp126_median_2080-2099.xlsx | selected candidate=sheet=all,header_row=19 | province_col=Nei Mongol Zizhiqu | value_col=CHN.147295917 | rows=15 | score=16.50
2026-04-19 21:10:42,022 | INFO | rx1day_CHNprov_ssp126_median_2080-2099.xlsx | selected candidate=sheet=all,header_row=18 | province_col=Liaoning Sheng | value_col=CHN.147295916 | rows=16 | score=16.60
2026-04-19 21:10:42,022 | INFO | rx1day_CHNprov_ssp126_median_2080-2099.xlsx | final candidate=sheet=all,header_row=0 | final_rows=34
2026-04-19 21:10:42,043 | INFO | rx1day_CHNprov_ssp126_p10_2020-2039.xlsx | sheet=all,header_row=0 | columns=['code', 'name', '2020-07']
2026-04-19 21:10:42,051 | INFO | rx1day_CHNprov_ssp126_p10_2020-2039.xlsx | sheet=all,header_row=19 | columns=['CHN.147295917', 'Nei Mongol Zizhiqu', '14.59']
2026-04-19 21:10:42,059 | INFO | rx1day_CHNprov_ssp126_p10_2020-2039.xlsx | sheet=all,header_row=18 | columns=['CHN.147295916', 'Liaoning Sheng', '31.26']
2026-04-19 21:10:42,064 | INFO | rx1day_CHNprov_ssp126_p10_2020-2039.xlsx | selected candidate=sheet=all,header_row=0 | province_col=name | value_col=2020-07 | rows=34 | score=26.40
2026-04-19 21:10:42,071 | INFO | rx1day_CHNprov_ssp126_p10_2020-2039.xlsx | selected candidate=sheet=all,header_row=19 | province_col=Nei Mongol Zizhiqu | value_col=CHN.147295917 | rows=15 | score=16.50
2026-04-19 21:10:42,077 | INFO | rx1day_CHNprov_ssp126_p10_2020-2039.xlsx | selected candidate=sheet=all,header_row=18 | province_col=Liaoning Sheng | value_col=CHN.147295916 | rows=16 | score=16.60
2026-04-19 21:10:42,077 | INFO | rx1day_CHNprov_ssp126_p10_2020-2039.xlsx | final candidate=sheet=all,header_row=0 | final_rows=34
2026-04-19 21:10:42,096 | INFO | rx1day_CHNprov_ssp126_p10_2040-2059.xlsx | sheet=all,header_row=0 | columns=['code', 'name', '2040-07']
2026-04-19 21:10:42,103 | INFO | rx1day_CHNprov_ssp126_p10_2040-2059.xlsx | sheet=all,header_row=19 | columns=['CHN.147295917', 'Nei Mongol Zizhiqu', '14.93']
2026-04-19 21:10:42,110 | INFO | rx1day_CHNprov_ssp126_p10_2040-2059.xlsx | sheet=all,header_row=18 | columns=['CHN.147295916', 'Liaoning Sheng', '30.59']
2026-04-19 21:10:42,117 | INFO | rx1day_CHNprov_ssp126_p10_2040-2059.xlsx | selected candidate=sheet=all,header_row=0 | province_col=name | value_col=2040-07 | rows=34 | score=26.40
2026-04-19 21:10:42,123 | INFO | rx1day_CHNprov_ssp126_p10_2040-2059.xlsx | selected candidate=sheet=all,header_row=19 | province_col=Nei Mongol Zizhiqu | value_col=CHN.147295917 | rows=15 | score=16.50
2026-04-19 21:10:42,128 | INFO | rx1day_CHNprov_ssp126_p10_2040-2059.xlsx | selected candidate=sheet=all,header_row=18 | province_col=Liaoning Sheng | value_col=CHN.147295916 | rows=16 | score=16.60
2026-04-19 21:10:42,128 | INFO | rx1day_CHNprov_ssp126_p10_2040-2059.xlsx | final candidate=sheet=all,header_row=0 | final_rows=34
2026-04-19 21:10:42,151 | INFO | rx1day_CHNprov_ssp126_p10_2060-2079.xlsx | sheet=all,header_row=0 | columns=['code', 'name', '2060-07']
2026-04-19 21:10:42,159 | INFO | rx1day_CHNprov_ssp126_p10_2060-2079.xlsx | sheet=all,header_row=19 | columns=['CHN.147295917', 'Nei Mongol Zizhiqu', '15.07']
2026-04-19 21:10:42,166 | INFO | rx1day_CHNprov_ssp126_p10_2060-2079.xlsx | sheet=all,header_row=18 | columns=['CHN.147295916', 'Liaoning Sheng', '31.53']
2026-04-19 21:10:42,171 | INFO | rx1day_CHNprov_ssp126_p10_2060-2079.xlsx | selected candidate=sheet=all,header_row=0 | province_col=name | value_col=2060-07 | rows=34 | score=26.40
2026-04-19 21:10:42,177 | INFO | rx1day_CHNprov_ssp126_p10_2060-2079.xlsx | selected candidate=sheet=all,header_row=19 | province_col=Nei Mongol Zizhiqu | value_col=CHN.147295917 | rows=15 | score=16.50
2026-04-19 21:10:42,183 | INFO | rx1day_CHNprov_ssp126_p10_2060-2079.xlsx | selected candidate=sheet=all,header_row=18 | province_col=Liaoning Sheng | value_col=CHN.147295916 | rows=16 | score=16.60
2026-04-19 21:10:42,183 | INFO | rx1day_CHNprov_ssp126_p10_2060-2079.xlsx | final candidate=sheet=all,header_row=0 | final_rows=34
2026-04-19 21:10:42,202 | INFO | rx1day_CHNprov_ssp126_p10_2080-2099.xlsx | sheet=all,header_row=0 | columns=['code', 'name', '2080-07']
2026-04-19 21:10:42,210 | INFO | rx1day_CHNprov_ssp126_p10_2080-2099.xlsx | sheet=all,header_row=19 | columns=['CHN.147295917', 'Nei Mongol Zizhiqu', '15.07']
2026-04-19 21:10:42,218 | INFO | rx1day_CHNprov_ssp126_p10_2080-2099.xlsx | sheet=all,header_row=18 | columns=['CHN.147295916', 'Liaoning Sheng', '31.5']
2026-04-19 21:10:42,223 | INFO | rx1day_CHNprov_ssp126_p10_2080-2099.xlsx | selected candidate=sheet=all,header_row=0 | province_col=name | value_col=2080-07 | rows=34 | score=26.40
2026-04-19 21:10:42,229 | INFO | rx1day_CHNprov_ssp126_p10_2080-2099.xlsx | selected candidate=sheet=all,header_row=19 | province_col=Nei Mongol Zizhiqu | value_col=CHN.147295917 | rows=15 | score=16.50
2026-04-19 21:10:42,235 | INFO | rx1day_CHNprov_ssp126_p10_2080-2099.xlsx | selected candidate=sheet=all,header_row=18 | province_col=Liaoning Sheng | value_col=CHN.147295916 | rows=16 | score=16.60
2026-04-19 21:10:42,235 | INFO | rx1day_CHNprov_ssp126_p10_2080-2099.xlsx | final candidate=sheet=all,header_row=0 | final_rows=34
2026-04-19 21:10:42,255 | INFO | rx1day_CHNprov_ssp126_p90_2020-2039.xlsx | sheet=all,header_row=0 | columns=['code', 'name', '2020-07']
2026-04-19 21:10:42,262 | INFO | rx1day_CHNprov_ssp126_p90_2020-2039.xlsx | sheet=all,header_row=19 | columns=['CHN.147295917', 'Nei Mongol Zizhiqu', '28.29']
2026-04-19 21:10:42,269 | INFO | rx1day_CHNprov_ssp126_p90_2020-2039.xlsx | sheet=all,header_row=18 | columns=['CHN.147295916', 'Liaoning Sheng', '58.53']
2026-04-19 21:10:42,275 | INFO | rx1day_CHNprov_ssp126_p90_2020-2039.xlsx | selected candidate=sheet=all,header_row=0 | province_col=name | value_col=2020-07 | rows=34 | score=26.40
2026-04-19 21:10:42,280 | INFO | rx1day_CHNprov_ssp126_p90_2020-2039.xlsx | selected candidate=sheet=all,header_row=19 | province_col=Nei Mongol Zizhiqu | value_col=CHN.147295917 | rows=15 | score=16.50
2026-04-19 21:10:42,285 | INFO | rx1day_CHNprov_ssp126_p90_2020-2039.xlsx | selected candidate=sheet=all,header_row=18 | province_col=Liaoning Sheng | value_col=CHN.147295916 | rows=16 | score=16.60
2026-04-19 21:10:42,285 | INFO | rx1day_CHNprov_ssp126_p90_2020-2039.xlsx | final candidate=sheet=all,header_row=0 | final_rows=34
2026-04-19 21:10:42,303 | INFO | rx1day_CHNprov_ssp126_p90_2040-2059.xlsx | sheet=all,header_row=0 | columns=['code', 'name', '2040-07']
2026-04-19 21:10:42,313 | INFO | rx1day_CHNprov_ssp126_p90_2040-2059.xlsx | sheet=all,header_row=19 | columns=['CHN.147295917', 'Nei Mongol Zizhiqu', '28.81']
2026-04-19 21:10:42,320 | INFO | rx1day_CHNprov_ssp126_p90_2040-2059.xlsx | sheet=all,header_row=18 | columns=['CHN.147295916', 'Liaoning Sheng', '58.07']
2026-04-19 21:10:42,325 | INFO | rx1day_CHNprov_ssp126_p90_2040-2059.xlsx | selected candidate=sheet=all,header_row=0 | province_col=name | value_col=2040-07 | rows=34 | score=26.40
2026-04-19 21:10:42,329 | INFO | rx1day_CHNprov_ssp126_p90_2040-2059.xlsx | selected candidate=sheet=all,header_row=19 | province_col=Nei Mongol Zizhiqu | value_col=CHN.147295917 | rows=15 | score=16.50
2026-04-19 21:10:42,334 | INFO | rx1day_CHNprov_ssp126_p90_2040-2059.xlsx | selected candidate=sheet=all,header_row=18 | province_col=Liaoning Sheng | value_col=CHN.147295916 | rows=16 | score=16.60
2026-04-19 21:10:42,334 | INFO | rx1day_CHNprov_ssp126_p90_2040-2059.xlsx | final candidate=sheet=all,header_row=0 | final_rows=34
2026-04-19 21:10:42,354 | INFO | rx1day_CHNprov_ssp126_p90_2060-2079.xlsx | sheet=all,header_row=0 | columns=['code', 'name', '2060-07']
2026-04-19 21:10:42,360 | INFO | rx1day_CHNprov_ssp126_p90_2060-2079.xlsx | sheet=all,header_row=19 | columns=['CHN.147295917', 'Nei Mongol Zizhiqu', '29.06']
2026-04-19 21:10:42,367 | INFO | rx1day_CHNprov_ssp126_p90_2060-2079.xlsx | sheet=all,header_row=18 | columns=['CHN.147295916', 'Liaoning Sheng', '58.83']
2026-04-19 21:10:42,372 | INFO | rx1day_CHNprov_ssp126_p90_2060-2079.xlsx | selected candidate=sheet=all,header_row=0 | province_col=name | value_col=2060-07 | rows=34 | score=26.40
2026-04-19 21:10:42,378 | INFO | rx1day_CHNprov_ssp126_p90_2060-2079.xlsx | selected candidate=sheet=all,header_row=19 | province_col=Nei Mongol Zizhiqu | value_col=CHN.147295917 | rows=15 | score=16.50
2026-04-19 21:10:42,383 | INFO | rx1day_CHNprov_ssp126_p90_2060-2079.xlsx | selected candidate=sheet=all,header_row=18 | province_col=Liaoning Sheng | value_col=CHN.147295916 | rows=16 | score=16.60
2026-04-19 21:10:42,383 | INFO | rx1day_CHNprov_ssp126_p90_2060-2079.xlsx | final candidate=sheet=all,header_row=0 | final_rows=34
2026-04-19 21:10:42,403 | INFO | rx1day_CHNprov_ssp126_p90_2080-2099.xlsx | sheet=all,header_row=0 | columns=['code', 'name', '2080-07']
2026-04-19 21:10:42,411 | INFO | rx1day_CHNprov_ssp126_p90_2080-2099.xlsx | sheet=all,header_row=19 | columns=['CHN.147295917', 'Nei Mongol Zizhiqu', '29.23']
2026-04-19 21:10:42,418 | INFO | rx1day_CHNprov_ssp126_p90_2080-2099.xlsx | sheet=all,header_row=18 | columns=['CHN.147295916', 'Liaoning Sheng', '60.44']
2026-04-19 21:10:42,423 | INFO | rx1day_CHNprov_ssp126_p90_2080-2099.xlsx | selected candidate=sheet=all,header_row=0 | province_col=name | value_col=2080-07 | rows=34 | score=26.40
2026-04-19 21:10:42,432 | INFO | rx1day_CHNprov_ssp126_p90_2080-2099.xlsx | selected candidate=sheet=all,header_row=19 | province_col=Nei Mongol Zizhiqu | value_col=CHN.147295917 | rows=15 | score=16.50
2026-04-19 21:10:42,440 | INFO | rx1day_CHNprov_ssp126_p90_2080-2099.xlsx | selected candidate=sheet=all,header_row=18 | province_col=Liaoning Sheng | value_col=CHN.147295916 | rows=16 | score=16.60
2026-04-19 21:10:42,441 | INFO | rx1day_CHNprov_ssp126_p90_2080-2099.xlsx | final candidate=sheet=all,header_row=0 | final_rows=34
2026-04-19 21:10:42,464 | INFO | rx1day_CHNprov_ssp245_median_2020-2039.xlsx | sheet=all,header_row=0 | columns=['code', 'name', '2020-07']
2026-04-19 21:10:42,472 | INFO | rx1day_CHNprov_ssp245_median_2020-2039.xlsx | sheet=all,header_row=19 | columns=['CHN.147295917', 'Nei Mongol Zizhiqu', '20.6']
2026-04-19 21:10:42,480 | INFO | rx1day_CHNprov_ssp245_median_2020-2039.xlsx | sheet=all,header_row=18 | columns=['CHN.147295916', 'Liaoning Sheng', '42.22']
2026-04-19 21:10:42,485 | INFO | rx1day_CHNprov_ssp245_median_2020-2039.xlsx | selected candidate=sheet=all,header_row=0 | province_col=name | value_col=2020-07 | rows=34 | score=26.40
2026-04-19 21:10:42,490 | INFO | rx1day_CHNprov_ssp245_median_2020-2039.xlsx | selected candidate=sheet=all,header_row=19 | province_col=Nei Mongol Zizhiqu | value_col=CHN.147295917 | rows=15 | score=16.50
2026-04-19 21:10:42,495 | INFO | rx1day_CHNprov_ssp245_median_2020-2039.xlsx | selected candidate=sheet=all,header_row=18 | province_col=Liaoning Sheng | value_col=CHN.147295916 | rows=16 | score=16.60
2026-04-19 21:10:42,495 | INFO | rx1day_CHNprov_ssp245_median_2020-2039.xlsx | final candidate=sheet=all,header_row=0 | final_rows=34
2026-04-19 21:10:42,516 | INFO | rx1day_CHNprov_ssp245_median_2040-2059.xlsx | sheet=all,header_row=0 | columns=['code', 'name', '2040-07']
2026-04-19 21:10:42,523 | INFO | rx1day_CHNprov_ssp245_median_2040-2059.xlsx | sheet=all,header_row=19 | columns=['CHN.147295917', 'Nei Mongol Zizhiqu', '21.33']
2026-04-19 21:10:42,530 | INFO | rx1day_CHNprov_ssp245_median_2040-2059.xlsx | sheet=all,header_row=18 | columns=['CHN.147295916', 'Liaoning Sheng', '43.28']
2026-04-19 21:10:42,536 | INFO | rx1day_CHNprov_ssp245_median_2040-2059.xlsx | selected candidate=sheet=all,header_row=0 | province_col=name | value_col=2040-07 | rows=34 | score=26.40
2026-04-19 21:10:42,541 | INFO | rx1day_CHNprov_ssp245_median_2040-2059.xlsx | selected candidate=sheet=all,header_row=19 | province_col=Nei Mongol Zizhiqu | value_col=CHN.147295917 | rows=15 | score=16.50
2026-04-19 21:10:42,547 | INFO | rx1day_CHNprov_ssp245_median_2040-2059.xlsx | selected candidate=sheet=all,header_row=18 | province_col=Liaoning Sheng | value_col=CHN.147295916 | rows=16 | score=16.60
2026-04-19 21:10:42,547 | INFO | rx1day_CHNprov_ssp245_median_2040-2059.xlsx | final candidate=sheet=all,header_row=0 | final_rows=34
2026-04-19 21:10:42,568 | INFO | rx1day_CHNprov_ssp245_median_2060-2079.xlsx | sheet=all,header_row=0 | columns=['code', 'name', '2060-07']
2026-04-19 21:10:42,577 | INFO | rx1day_CHNprov_ssp245_median_2060-2079.xlsx | sheet=all,header_row=19 | columns=['CHN.147295917', 'Nei Mongol Zizhiqu', '21.96']
2026-04-19 21:10:42,584 | INFO | rx1day_CHNprov_ssp245_median_2060-2079.xlsx | sheet=all,header_row=18 | columns=['CHN.147295916', 'Liaoning Sheng', '45.18']
2026-04-19 21:10:42,590 | INFO | rx1day_CHNprov_ssp245_median_2060-2079.xlsx | selected candidate=sheet=all,header_row=0 | province_col=name | value_col=2060-07 | rows=34 | score=26.40
2026-04-19 21:10:42,596 | INFO | rx1day_CHNprov_ssp245_median_2060-2079.xlsx | selected candidate=sheet=all,header_row=19 | province_col=Nei Mongol Zizhiqu | value_col=CHN.147295917 | rows=15 | score=16.50
2026-04-19 21:10:42,602 | INFO | rx1day_CHNprov_ssp245_median_2060-2079.xlsx | selected candidate=sheet=all,header_row=18 | province_col=Liaoning Sheng | value_col=CHN.147295916 | rows=16 | score=16.60
2026-04-19 21:10:42,602 | INFO | rx1day_CHNprov_ssp245_median_2060-2079.xlsx | final candidate=sheet=all,header_row=0 | final_rows=34
2026-04-19 21:10:42,623 | INFO | rx1day_CHNprov_ssp245_median_2080-2099.xlsx | sheet=all,header_row=0 | columns=['code', 'name', '2080-07']
2026-04-19 21:10:42,631 | INFO | rx1day_CHNprov_ssp245_median_2080-2099.xlsx | sheet=all,header_row=19 | columns=['CHN.147295917', 'Nei Mongol Zizhiqu', '22.31']
2026-04-19 21:10:42,640 | INFO | rx1day_CHNprov_ssp245_median_2080-2099.xlsx | sheet=all,header_row=18 | columns=['CHN.147295916', 'Liaoning Sheng', '45.63']
2026-04-19 21:10:42,647 | INFO | rx1day_CHNprov_ssp245_median_2080-2099.xlsx | selected candidate=sheet=all,header_row=0 | province_col=name | value_col=2080-07 | rows=34 | score=26.40
2026-04-19 21:10:42,653 | INFO | rx1day_CHNprov_ssp245_median_2080-2099.xlsx | selected candidate=sheet=all,header_row=19 | province_col=Nei Mongol Zizhiqu | value_col=CHN.147295917 | rows=15 | score=16.50
2026-04-19 21:10:42,660 | INFO | rx1day_CHNprov_ssp245_median_2080-2099.xlsx | selected candidate=sheet=all,header_row=18 | province_col=Liaoning Sheng | value_col=CHN.147295916 | rows=16 | score=16.60
2026-04-19 21:10:42,660 | INFO | rx1day_CHNprov_ssp245_median_2080-2099.xlsx | final candidate=sheet=all,header_row=0 | final_rows=34
2026-04-19 21:10:42,683 | INFO | rx1day_CHNprov_ssp245_p10_2020-2039.xlsx | sheet=all,header_row=0 | columns=['code', 'name', '2020-07']
2026-04-19 21:10:42,692 | INFO | rx1day_CHNprov_ssp245_p10_2020-2039.xlsx | sheet=all,header_row=19 | columns=['CHN.147295917', 'Nei Mongol Zizhiqu', '14.44']
2026-04-19 21:10:42,699 | INFO | rx1day_CHNprov_ssp245_p10_2020-2039.xlsx | sheet=all,header_row=18 | columns=['CHN.147295916', 'Liaoning Sheng', '29.82']
2026-04-19 21:10:42,707 | INFO | rx1day_CHNprov_ssp245_p10_2020-2039.xlsx | selected candidate=sheet=all,header_row=0 | province_col=name | value_col=2020-07 | rows=34 | score=26.40
2026-04-19 21:10:42,716 | INFO | rx1day_CHNprov_ssp245_p10_2020-2039.xlsx | selected candidate=sheet=all,header_row=19 | province_col=Nei Mongol Zizhiqu | value_col=CHN.147295917 | rows=15 | score=16.50
2026-04-19 21:10:42,723 | INFO | rx1day_CHNprov_ssp245_p10_2020-2039.xlsx | selected candidate=sheet=all,header_row=18 | province_col=Liaoning Sheng | value_col=CHN.147295916 | rows=16 | score=16.60
2026-04-19 21:10:42,723 | INFO | rx1day_CHNprov_ssp245_p10_2020-2039.xlsx | final candidate=sheet=all,header_row=0 | final_rows=34
2026-04-19 21:10:42,748 | INFO | rx1day_CHNprov_ssp245_p10_2040-2059.xlsx | sheet=all,header_row=0 | columns=['code', 'name', '2040-07']
2026-04-19 21:10:42,764 | INFO | rx1day_CHNprov_ssp245_p10_2040-2059.xlsx | sheet=all,header_row=19 | columns=['CHN.147295917', 'Nei Mongol Zizhiqu', '14.85']
2026-04-19 21:10:42,774 | INFO | rx1day_CHNprov_ssp245_p10_2040-2059.xlsx | sheet=all,header_row=18 | columns=['CHN.147295916', 'Liaoning Sheng', '30.58']
2026-04-19 21:10:42,781 | INFO | rx1day_CHNprov_ssp245_p10_2040-2059.xlsx | selected candidate=sheet=all,header_row=0 | province_col=name | value_col=2040-07 | rows=34 | score=26.40
2026-04-19 21:10:42,788 | INFO | rx1day_CHNprov_ssp245_p10_2040-2059.xlsx | selected candidate=sheet=all,header_row=19 | province_col=Nei Mongol Zizhiqu | value_col=CHN.147295917 | rows=15 | score=16.50
2026-04-19 21:10:42,793 | INFO | rx1day_CHNprov_ssp245_p10_2040-2059.xlsx | selected candidate=sheet=all,header_row=18 | province_col=Liaoning Sheng | value_col=CHN.147295916 | rows=16 | score=16.60
2026-04-19 21:10:42,793 | INFO | rx1day_CHNprov_ssp245_p10_2040-2059.xlsx | final candidate=sheet=all,header_row=0 | final_rows=34
2026-04-19 21:10:42,816 | INFO | rx1day_CHNprov_ssp245_p10_2060-2079.xlsx | sheet=all,header_row=0 | columns=['code', 'name', '2060-07']
2026-04-19 21:10:42,824 | INFO | rx1day_CHNprov_ssp245_p10_2060-2079.xlsx | sheet=all,header_row=19 | columns=['CHN.147295917', 'Nei Mongol Zizhiqu', '15.33']
2026-04-19 21:10:42,832 | INFO | rx1day_CHNprov_ssp245_p10_2060-2079.xlsx | sheet=all,header_row=18 | columns=['CHN.147295916', 'Liaoning Sheng', '31.91']
2026-04-19 21:10:42,838 | INFO | rx1day_CHNprov_ssp245_p10_2060-2079.xlsx | selected candidate=sheet=all,header_row=0 | province_col=name | value_col=2060-07 | rows=34 | score=26.40
2026-04-19 21:10:42,844 | INFO | rx1day_CHNprov_ssp245_p10_2060-2079.xlsx | selected candidate=sheet=all,header_row=19 | province_col=Nei Mongol Zizhiqu | value_col=CHN.147295917 | rows=15 | score=16.50
2026-04-19 21:10:42,852 | INFO | rx1day_CHNprov_ssp245_p10_2060-2079.xlsx | selected candidate=sheet=all,header_row=18 | province_col=Liaoning Sheng | value_col=CHN.147295916 | rows=16 | score=16.60
2026-04-19 21:10:42,852 | INFO | rx1day_CHNprov_ssp245_p10_2060-2079.xlsx | final candidate=sheet=all,header_row=0 | final_rows=34
2026-04-19 21:10:42,873 | INFO | rx1day_CHNprov_ssp245_p10_2080-2099.xlsx | sheet=all,header_row=0 | columns=['code', 'name', '2080-07']
2026-04-19 21:10:42,881 | INFO | rx1day_CHNprov_ssp245_p10_2080-2099.xlsx | sheet=all,header_row=19 | columns=['CHN.147295917', 'Nei Mongol Zizhiqu', '15.65']
2026-04-19 21:10:42,888 | INFO | rx1day_CHNprov_ssp245_p10_2080-2099.xlsx | sheet=all,header_row=18 | columns=['CHN.147295916', 'Liaoning Sheng', '32.58']
2026-04-19 21:10:42,893 | INFO | rx1day_CHNprov_ssp245_p10_2080-2099.xlsx | selected candidate=sheet=all,header_row=0 | province_col=name | value_col=2080-07 | rows=34 | score=26.40
2026-04-19 21:10:42,898 | INFO | rx1day_CHNprov_ssp245_p10_2080-2099.xlsx | selected candidate=sheet=all,header_row=19 | province_col=Nei Mongol Zizhiqu | value_col=CHN.147295917 | rows=15 | score=16.50
2026-04-19 21:10:42,904 | INFO | rx1day_CHNprov_ssp245_p10_2080-2099.xlsx | selected candidate=sheet=all,header_row=18 | province_col=Liaoning Sheng | value_col=CHN.147295916 | rows=16 | score=16.60
2026-04-19 21:10:42,904 | INFO | rx1day_CHNprov_ssp245_p10_2080-2099.xlsx | final candidate=sheet=all,header_row=0 | final_rows=34
2026-04-19 21:10:42,924 | INFO | rx1day_CHNprov_ssp245_p90_2020-2039.xlsx | sheet=all,header_row=0 | columns=['code', 'name', '2020-07']
2026-04-19 21:10:42,931 | INFO | rx1day_CHNprov_ssp245_p90_2020-2039.xlsx | sheet=all,header_row=19 | columns=['CHN.147295917', 'Nei Mongol Zizhiqu', '27.92']
2026-04-19 21:10:42,940 | INFO | rx1day_CHNprov_ssp245_p90_2020-2039.xlsx | sheet=all,header_row=18 | columns=['CHN.147295916', 'Liaoning Sheng', '56.02']
2026-04-19 21:10:42,947 | INFO | rx1day_CHNprov_ssp245_p90_2020-2039.xlsx | selected candidate=sheet=all,header_row=0 | province_col=name | value_col=2020-07 | rows=34 | score=26.40
2026-04-19 21:10:42,952 | INFO | rx1day_CHNprov_ssp245_p90_2020-2039.xlsx | selected candidate=sheet=all,header_row=19 | province_col=Nei Mongol Zizhiqu | value_col=CHN.147295917 | rows=15 | score=16.50
2026-04-19 21:10:42,957 | INFO | rx1day_CHNprov_ssp245_p90_2020-2039.xlsx | selected candidate=sheet=all,header_row=18 | province_col=Liaoning Sheng | value_col=CHN.147295916 | rows=16 | score=16.60
2026-04-19 21:10:42,958 | INFO | rx1day_CHNprov_ssp245_p90_2020-2039.xlsx | final candidate=sheet=all,header_row=0 | final_rows=34
2026-04-19 21:10:42,978 | INFO | rx1day_CHNprov_ssp245_p90_2040-2059.xlsx | sheet=all,header_row=0 | columns=['code', 'name', '2040-07']
2026-04-19 21:10:42,985 | INFO | rx1day_CHNprov_ssp245_p90_2040-2059.xlsx | sheet=all,header_row=19 | columns=['CHN.147295917', 'Nei Mongol Zizhiqu', '28.59']
2026-04-19 21:10:42,992 | INFO | rx1day_CHNprov_ssp245_p90_2040-2059.xlsx | sheet=all,header_row=18 | columns=['CHN.147295916', 'Liaoning Sheng', '58.37']
2026-04-19 21:10:42,997 | INFO | rx1day_CHNprov_ssp245_p90_2040-2059.xlsx | selected candidate=sheet=all,header_row=0 | province_col=name | value_col=2040-07 | rows=34 | score=26.40
2026-04-19 21:10:43,002 | INFO | rx1day_CHNprov_ssp245_p90_2040-2059.xlsx | selected candidate=sheet=all,header_row=19 | province_col=Nei Mongol Zizhiqu | value_col=CHN.147295917 | rows=15 | score=16.50
2026-04-19 21:10:43,007 | INFO | rx1day_CHNprov_ssp245_p90_2040-2059.xlsx | selected candidate=sheet=all,header_row=18 | province_col=Liaoning Sheng | value_col=CHN.147295916 | rows=16 | score=16.60
2026-04-19 21:10:43,007 | INFO | rx1day_CHNprov_ssp245_p90_2040-2059.xlsx | final candidate=sheet=all,header_row=0 | final_rows=34
2026-04-19 21:10:43,031 | INFO | rx1day_CHNprov_ssp245_p90_2060-2079.xlsx | sheet=all,header_row=0 | columns=['code', 'name', '2060-07']
2026-04-19 21:10:43,038 | INFO | rx1day_CHNprov_ssp245_p90_2060-2079.xlsx | sheet=all,header_row=19 | columns=['CHN.147295917', 'Nei Mongol Zizhiqu', '29.29']
2026-04-19 21:10:43,046 | INFO | rx1day_CHNprov_ssp245_p90_2060-2079.xlsx | sheet=all,header_row=18 | columns=['CHN.147295916', 'Liaoning Sheng', '60.48']
2026-04-19 21:10:43,051 | INFO | rx1day_CHNprov_ssp245_p90_2060-2079.xlsx | selected candidate=sheet=all,header_row=0 | province_col=name | value_col=2060-07 | rows=34 | score=26.40
2026-04-19 21:10:43,056 | INFO | rx1day_CHNprov_ssp245_p90_2060-2079.xlsx | selected candidate=sheet=all,header_row=19 | province_col=Nei Mongol Zizhiqu | value_col=CHN.147295917 | rows=15 | score=16.50
2026-04-19 21:10:43,061 | INFO | rx1day_CHNprov_ssp245_p90_2060-2079.xlsx | selected candidate=sheet=all,header_row=18 | province_col=Liaoning Sheng | value_col=CHN.147295916 | rows=16 | score=16.60
2026-04-19 21:10:43,061 | INFO | rx1day_CHNprov_ssp245_p90_2060-2079.xlsx | final candidate=sheet=all,header_row=0 | final_rows=34
2026-04-19 21:10:43,081 | INFO | rx1day_CHNprov_ssp245_p90_2080-2099.xlsx | sheet=all,header_row=0 | columns=['code', 'name', '2080-07']
2026-04-19 21:10:43,088 | INFO | rx1day_CHNprov_ssp245_p90_2080-2099.xlsx | sheet=all,header_row=19 | columns=['CHN.147295917', 'Nei Mongol Zizhiqu', '29.7']
2026-04-19 21:10:43,095 | INFO | rx1day_CHNprov_ssp245_p90_2080-2099.xlsx | sheet=all,header_row=18 | columns=['CHN.147295916', 'Liaoning Sheng', '60.06']
2026-04-19 21:10:43,101 | INFO | rx1day_CHNprov_ssp245_p90_2080-2099.xlsx | selected candidate=sheet=all,header_row=0 | province_col=name | value_col=2080-07 | rows=34 | score=26.40
2026-04-19 21:10:43,107 | INFO | rx1day_CHNprov_ssp245_p90_2080-2099.xlsx | selected candidate=sheet=all,header_row=19 | province_col=Nei Mongol Zizhiqu | value_col=CHN.147295917 | rows=15 | score=16.50
2026-04-19 21:10:43,114 | INFO | rx1day_CHNprov_ssp245_p90_2080-2099.xlsx | selected candidate=sheet=all,header_row=18 | province_col=Liaoning Sheng | value_col=CHN.147295916 | rows=16 | score=16.60
2026-04-19 21:10:43,114 | INFO | rx1day_CHNprov_ssp245_p90_2080-2099.xlsx | final candidate=sheet=all,header_row=0 | final_rows=34
2026-04-19 21:10:43,132 | INFO | rx1day_CHNprov_ssp370_median_2020-2039.xlsx | sheet=all,header_row=0 | columns=['code', 'name', '2020-07']
2026-04-19 21:10:43,140 | INFO | rx1day_CHNprov_ssp370_median_2020-2039.xlsx | sheet=all,header_row=19 | columns=['CHN.147295917', 'Nei Mongol Zizhiqu', '20.23']
2026-04-19 21:10:43,149 | INFO | rx1day_CHNprov_ssp370_median_2020-2039.xlsx | sheet=all,header_row=18 | columns=['CHN.147295916', 'Liaoning Sheng', '41.78']
2026-04-19 21:10:43,154 | INFO | rx1day_CHNprov_ssp370_median_2020-2039.xlsx | selected candidate=sheet=all,header_row=0 | province_col=name | value_col=2020-07 | rows=34 | score=26.40
2026-04-19 21:10:43,159 | INFO | rx1day_CHNprov_ssp370_median_2020-2039.xlsx | selected candidate=sheet=all,header_row=19 | province_col=Nei Mongol Zizhiqu | value_col=CHN.147295917 | rows=15 | score=16.50
2026-04-19 21:10:43,163 | INFO | rx1day_CHNprov_ssp370_median_2020-2039.xlsx | selected candidate=sheet=all,header_row=18 | province_col=Liaoning Sheng | value_col=CHN.147295916 | rows=16 | score=16.60
2026-04-19 21:10:43,164 | INFO | rx1day_CHNprov_ssp370_median_2020-2039.xlsx | final candidate=sheet=all,header_row=0 | final_rows=34
2026-04-19 21:10:43,185 | INFO | rx1day_CHNprov_ssp370_median_2040-2059.xlsx | sheet=all,header_row=0 | columns=['code', 'name', '2040-07']
2026-04-19 21:10:43,194 | INFO | rx1day_CHNprov_ssp370_median_2040-2059.xlsx | sheet=all,header_row=19 | columns=['CHN.147295917', 'Nei Mongol Zizhiqu', '20.94']
2026-04-19 21:10:43,201 | INFO | rx1day_CHNprov_ssp370_median_2040-2059.xlsx | sheet=all,header_row=18 | columns=['CHN.147295916', 'Liaoning Sheng', '43.42']
2026-04-19 21:10:43,208 | INFO | rx1day_CHNprov_ssp370_median_2040-2059.xlsx | selected candidate=sheet=all,header_row=0 | province_col=name | value_col=2040-07 | rows=34 | score=26.40
2026-04-19 21:10:43,214 | INFO | rx1day_CHNprov_ssp370_median_2040-2059.xlsx | selected candidate=sheet=all,header_row=19 | province_col=Nei Mongol Zizhiqu | value_col=CHN.147295917 | rows=15 | score=16.50
2026-04-19 21:10:43,220 | INFO | rx1day_CHNprov_ssp370_median_2040-2059.xlsx | selected candidate=sheet=all,header_row=18 | province_col=Liaoning Sheng | value_col=CHN.147295916 | rows=16 | score=16.60
2026-04-19 21:10:43,220 | INFO | rx1day_CHNprov_ssp370_median_2040-2059.xlsx | final candidate=sheet=all,header_row=0 | final_rows=34
2026-04-19 21:10:43,242 | INFO | rx1day_CHNprov_ssp370_median_2060-2079.xlsx | sheet=all,header_row=0 | columns=['code', 'name', '2060-07']
2026-04-19 21:10:43,249 | INFO | rx1day_CHNprov_ssp370_median_2060-2079.xlsx | sheet=all,header_row=19 | columns=['CHN.147295917', 'Nei Mongol Zizhiqu', '22.26']
2026-04-19 21:10:43,257 | INFO | rx1day_CHNprov_ssp370_median_2060-2079.xlsx | sheet=all,header_row=18 | columns=['CHN.147295916', 'Liaoning Sheng', '45.77']
2026-04-19 21:10:43,262 | INFO | rx1day_CHNprov_ssp370_median_2060-2079.xlsx | selected candidate=sheet=all,header_row=0 | province_col=name | value_col=2060-07 | rows=34 | score=26.40
2026-04-19 21:10:43,267 | INFO | rx1day_CHNprov_ssp370_median_2060-2079.xlsx | selected candidate=sheet=all,header_row=19 | province_col=Nei Mongol Zizhiqu | value_col=CHN.147295917 | rows=15 | score=16.50
2026-04-19 21:10:43,272 | INFO | rx1day_CHNprov_ssp370_median_2060-2079.xlsx | selected candidate=sheet=all,header_row=18 | province_col=Liaoning Sheng | value_col=CHN.147295916 | rows=16 | score=16.60
2026-04-19 21:10:43,272 | INFO | rx1day_CHNprov_ssp370_median_2060-2079.xlsx | final candidate=sheet=all,header_row=0 | final_rows=34
2026-04-19 21:10:43,292 | INFO | rx1day_CHNprov_ssp370_median_2080-2099.xlsx | sheet=all,header_row=0 | columns=['code', 'name', '2080-07']
2026-04-19 21:10:43,299 | INFO | rx1day_CHNprov_ssp370_median_2080-2099.xlsx | sheet=all,header_row=19 | columns=['CHN.147295917', 'Nei Mongol Zizhiqu', '23.51']
2026-04-19 21:10:43,306 | INFO | rx1day_CHNprov_ssp370_median_2080-2099.xlsx | sheet=all,header_row=18 | columns=['CHN.147295916', 'Liaoning Sheng', '48.94']
2026-04-19 21:10:43,313 | INFO | rx1day_CHNprov_ssp370_median_2080-2099.xlsx | selected candidate=sheet=all,header_row=0 | province_col=name | value_col=2080-07 | rows=34 | score=26.40
2026-04-19 21:10:43,317 | INFO | rx1day_CHNprov_ssp370_median_2080-2099.xlsx | selected candidate=sheet=all,header_row=19 | province_col=Nei Mongol Zizhiqu | value_col=CHN.147295917 | rows=15 | score=16.50
2026-04-19 21:10:43,322 | INFO | rx1day_CHNprov_ssp370_median_2080-2099.xlsx | selected candidate=sheet=all,header_row=18 | province_col=Liaoning Sheng | value_col=CHN.147295916 | rows=16 | score=16.60
2026-04-19 21:10:43,322 | INFO | rx1day_CHNprov_ssp370_median_2080-2099.xlsx | final candidate=sheet=all,header_row=0 | final_rows=34
2026-04-19 21:10:43,341 | INFO | rx1day_CHNprov_ssp370_p10_2020-2039.xlsx | sheet=all,header_row=0 | columns=['code', 'name', '2020-07']
2026-04-19 21:10:43,348 | INFO | rx1day_CHNprov_ssp370_p10_2020-2039.xlsx | sheet=all,header_row=19 | columns=['CHN.147295917', 'Nei Mongol Zizhiqu', '13.69']
2026-04-19 21:10:43,356 | INFO | rx1day_CHNprov_ssp370_p10_2020-2039.xlsx | sheet=all,header_row=18 | columns=['CHN.147295916', 'Liaoning Sheng', '28.55']
2026-04-19 21:10:43,361 | INFO | rx1day_CHNprov_ssp370_p10_2020-2039.xlsx | selected candidate=sheet=all,header_row=0 | province_col=name | value_col=2020-07 | rows=34 | score=26.40
2026-04-19 21:10:43,365 | INFO | rx1day_CHNprov_ssp370_p10_2020-2039.xlsx | selected candidate=sheet=all,header_row=19 | province_col=Nei Mongol Zizhiqu | value_col=CHN.147295917 | rows=15 | score=16.50
2026-04-19 21:10:43,370 | INFO | rx1day_CHNprov_ssp370_p10_2020-2039.xlsx | selected candidate=sheet=all,header_row=18 | province_col=Liaoning Sheng | value_col=CHN.147295916 | rows=16 | score=16.60
2026-04-19 21:10:43,370 | INFO | rx1day_CHNprov_ssp370_p10_2020-2039.xlsx | final candidate=sheet=all,header_row=0 | final_rows=34
2026-04-19 21:10:43,390 | INFO | rx1day_CHNprov_ssp370_p10_2040-2059.xlsx | sheet=all,header_row=0 | columns=['code', 'name', '2040-07']
2026-04-19 21:10:43,396 | INFO | rx1day_CHNprov_ssp370_p10_2040-2059.xlsx | sheet=all,header_row=19 | columns=['CHN.147295917', 'Nei Mongol Zizhiqu', '14.01']
2026-04-19 21:10:43,402 | INFO | rx1day_CHNprov_ssp370_p10_2040-2059.xlsx | sheet=all,header_row=18 | columns=['CHN.147295916', 'Liaoning Sheng', '29.41']
2026-04-19 21:10:43,407 | INFO | rx1day_CHNprov_ssp370_p10_2040-2059.xlsx | selected candidate=sheet=all,header_row=0 | province_col=name | value_col=2040-07 | rows=34 | score=26.40
2026-04-19 21:10:43,413 | INFO | rx1day_CHNprov_ssp370_p10_2040-2059.xlsx | selected candidate=sheet=all,header_row=19 | province_col=Nei Mongol Zizhiqu | value_col=CHN.147295917 | rows=15 | score=16.50
2026-04-19 21:10:43,418 | INFO | rx1day_CHNprov_ssp370_p10_2040-2059.xlsx | selected candidate=sheet=all,header_row=18 | province_col=Liaoning Sheng | value_col=CHN.147295916 | rows=16 | score=16.60
2026-04-19 21:10:43,419 | INFO | rx1day_CHNprov_ssp370_p10_2040-2059.xlsx | final candidate=sheet=all,header_row=0 | final_rows=34
2026-04-19 21:10:43,437 | INFO | rx1day_CHNprov_ssp370_p10_2060-2079.xlsx | sheet=all,header_row=0 | columns=['code', 'name', '2060-07']
2026-04-19 21:10:43,445 | INFO | rx1day_CHNprov_ssp370_p10_2060-2079.xlsx | sheet=all,header_row=19 | columns=['CHN.147295917', 'Nei Mongol Zizhiqu', '15']
2026-04-19 21:10:43,451 | INFO | rx1day_CHNprov_ssp370_p10_2060-2079.xlsx | sheet=all,header_row=18 | columns=['CHN.147295916', 'Liaoning Sheng', '31.11']
2026-04-19 21:10:43,456 | INFO | rx1day_CHNprov_ssp370_p10_2060-2079.xlsx | selected candidate=sheet=all,header_row=0 | province_col=name | value_col=2060-07 | rows=34 | score=26.40
2026-04-19 21:10:43,461 | INFO | rx1day_CHNprov_ssp370_p10_2060-2079.xlsx | selected candidate=sheet=all,header_row=19 | province_col=Nei Mongol Zizhiqu | value_col=CHN.147295917 | rows=15 | score=16.50
2026-04-19 21:10:43,465 | INFO | rx1day_CHNprov_ssp370_p10_2060-2079.xlsx | selected candidate=sheet=all,header_row=18 | province_col=Liaoning Sheng | value_col=CHN.147295916 | rows=16 | score=16.60
2026-04-19 21:10:43,465 | INFO | rx1day_CHNprov_ssp370_p10_2060-2079.xlsx | final candidate=sheet=all,header_row=0 | final_rows=34
2026-04-19 21:10:43,487 | INFO | rx1day_CHNprov_ssp370_p10_2080-2099.xlsx | sheet=all,header_row=0 | columns=['code', 'name', '2080-07']
2026-04-19 21:10:43,498 | INFO | rx1day_CHNprov_ssp370_p10_2080-2099.xlsx | sheet=all,header_row=19 | columns=['CHN.147295917', 'Nei Mongol Zizhiqu', '15.75']
2026-04-19 21:10:43,506 | INFO | rx1day_CHNprov_ssp370_p10_2080-2099.xlsx | sheet=all,header_row=18 | columns=['CHN.147295916', 'Liaoning Sheng', '32.9']
2026-04-19 21:10:43,512 | INFO | rx1day_CHNprov_ssp370_p10_2080-2099.xlsx | selected candidate=sheet=all,header_row=0 | province_col=name | value_col=2080-07 | rows=34 | score=26.40
2026-04-19 21:10:43,518 | INFO | rx1day_CHNprov_ssp370_p10_2080-2099.xlsx | selected candidate=sheet=all,header_row=19 | province_col=Nei Mongol Zizhiqu | value_col=CHN.147295917 | rows=15 | score=16.50
2026-04-19 21:10:43,525 | INFO | rx1day_CHNprov_ssp370_p10_2080-2099.xlsx | selected candidate=sheet=all,header_row=18 | province_col=Liaoning Sheng | value_col=CHN.147295916 | rows=16 | score=16.60
2026-04-19 21:10:43,526 | INFO | rx1day_CHNprov_ssp370_p10_2080-2099.xlsx | final candidate=sheet=all,header_row=0 | final_rows=34
2026-04-19 21:10:43,546 | INFO | rx1day_CHNprov_ssp370_p90_2020-2039.xlsx | sheet=all,header_row=0 | columns=['code', 'name', '2020-07']
2026-04-19 21:10:43,554 | INFO | rx1day_CHNprov_ssp370_p90_2020-2039.xlsx | sheet=all,header_row=19 | columns=['CHN.147295917', 'Nei Mongol Zizhiqu', '28.74']
2026-04-19 21:10:43,559 | INFO | rx1day_CHNprov_ssp370_p90_2020-2039.xlsx | sheet=all,header_row=18 | columns=['CHN.147295916', 'Liaoning Sheng', '57.36']
2026-04-19 21:10:43,566 | INFO | rx1day_CHNprov_ssp370_p90_2020-2039.xlsx | selected candidate=sheet=all,header_row=0 | province_col=name | value_col=2020-07 | rows=34 | score=26.40
2026-04-19 21:10:43,571 | INFO | rx1day_CHNprov_ssp370_p90_2020-2039.xlsx | selected candidate=sheet=all,header_row=19 | province_col=Nei Mongol Zizhiqu | value_col=CHN.147295917 | rows=15 | score=16.50
2026-04-19 21:10:43,578 | INFO | rx1day_CHNprov_ssp370_p90_2020-2039.xlsx | selected candidate=sheet=all,header_row=18 | province_col=Liaoning Sheng | value_col=CHN.147295916 | rows=16 | score=16.60
2026-04-19 21:10:43,578 | INFO | rx1day_CHNprov_ssp370_p90_2020-2039.xlsx | final candidate=sheet=all,header_row=0 | final_rows=34
2026-04-19 21:10:43,607 | INFO | rx1day_CHNprov_ssp370_p90_2040-2059.xlsx | sheet=all,header_row=0 | columns=['code', 'name', '2040-07']
2026-04-19 21:10:43,618 | INFO | rx1day_CHNprov_ssp370_p90_2040-2059.xlsx | sheet=all,header_row=19 | columns=['CHN.147295917', 'Nei Mongol Zizhiqu', '29.67']
2026-04-19 21:10:43,626 | INFO | rx1day_CHNprov_ssp370_p90_2040-2059.xlsx | sheet=all,header_row=18 | columns=['CHN.147295916', 'Liaoning Sheng', '60.99']
2026-04-19 21:10:43,632 | INFO | rx1day_CHNprov_ssp370_p90_2040-2059.xlsx | selected candidate=sheet=all,header_row=0 | province_col=name | value_col=2040-07 | rows=34 | score=26.40
2026-04-19 21:10:43,637 | INFO | rx1day_CHNprov_ssp370_p90_2040-2059.xlsx | selected candidate=sheet=all,header_row=19 | province_col=Nei Mongol Zizhiqu | value_col=CHN.147295917 | rows=15 | score=16.50
2026-04-19 21:10:43,643 | INFO | rx1day_CHNprov_ssp370_p90_2040-2059.xlsx | selected candidate=sheet=all,header_row=18 | province_col=Liaoning Sheng | value_col=CHN.147295916 | rows=16 | score=16.60
2026-04-19 21:10:43,643 | INFO | rx1day_CHNprov_ssp370_p90_2040-2059.xlsx | final candidate=sheet=all,header_row=0 | final_rows=34
2026-04-19 21:10:43,663 | INFO | rx1day_CHNprov_ssp370_p90_2060-2079.xlsx | sheet=all,header_row=0 | columns=['code', 'name', '2060-07']
2026-04-19 21:10:43,671 | INFO | rx1day_CHNprov_ssp370_p90_2060-2079.xlsx | sheet=all,header_row=19 | columns=['CHN.147295917', 'Nei Mongol Zizhiqu', '30.77']
2026-04-19 21:10:43,679 | INFO | rx1day_CHNprov_ssp370_p90_2060-2079.xlsx | sheet=all,header_row=18 | columns=['CHN.147295916', 'Liaoning Sheng', '62.77']
2026-04-19 21:10:43,684 | INFO | rx1day_CHNprov_ssp370_p90_2060-2079.xlsx | selected candidate=sheet=all,header_row=0 | province_col=name | value_col=2060-07 | rows=34 | score=26.40
2026-04-19 21:10:43,689 | INFO | rx1day_CHNprov_ssp370_p90_2060-2079.xlsx | selected candidate=sheet=all,header_row=19 | province_col=Nei Mongol Zizhiqu | value_col=CHN.147295917 | rows=15 | score=16.50
2026-04-19 21:10:43,695 | INFO | rx1day_CHNprov_ssp370_p90_2060-2079.xlsx | selected candidate=sheet=all,header_row=18 | province_col=Liaoning Sheng | value_col=CHN.147295916 | rows=16 | score=16.60
2026-04-19 21:10:43,695 | INFO | rx1day_CHNprov_ssp370_p90_2060-2079.xlsx | final candidate=sheet=all,header_row=0 | final_rows=34
2026-04-19 21:10:43,732 | INFO | rx1day_CHNprov_ssp370_p90_2080-2099.xlsx | sheet=all,header_row=0 | columns=['code', 'name', '2080-07']
2026-04-19 21:10:43,740 | INFO | rx1day_CHNprov_ssp370_p90_2080-2099.xlsx | sheet=all,header_row=19 | columns=['CHN.147295917', 'Nei Mongol Zizhiqu', '31.74']
2026-04-19 21:10:43,748 | INFO | rx1day_CHNprov_ssp370_p90_2080-2099.xlsx | sheet=all,header_row=18 | columns=['CHN.147295916', 'Liaoning Sheng', '65.31']
2026-04-19 21:10:43,753 | INFO | rx1day_CHNprov_ssp370_p90_2080-2099.xlsx | selected candidate=sheet=all,header_row=0 | province_col=name | value_col=2080-07 | rows=34 | score=26.40
2026-04-19 21:10:43,758 | INFO | rx1day_CHNprov_ssp370_p90_2080-2099.xlsx | selected candidate=sheet=all,header_row=19 | province_col=Nei Mongol Zizhiqu | value_col=CHN.147295917 | rows=15 | score=16.50
2026-04-19 21:10:43,762 | INFO | rx1day_CHNprov_ssp370_p90_2080-2099.xlsx | selected candidate=sheet=all,header_row=18 | province_col=Liaoning Sheng | value_col=CHN.147295916 | rows=16 | score=16.60
2026-04-19 21:10:43,763 | INFO | rx1day_CHNprov_ssp370_p90_2080-2099.xlsx | final candidate=sheet=all,header_row=0 | final_rows=34
2026-04-19 21:10:43,783 | INFO | rx1day_CHNprov_ssp585_median_2020-2039.xlsx | sheet=all,header_row=0 | columns=['code', 'name', '2020-07']
2026-04-19 21:10:43,789 | INFO | rx1day_CHNprov_ssp585_median_2020-2039.xlsx | sheet=all,header_row=19 | columns=['CHN.147295917', 'Nei Mongol Zizhiqu', '20.66']
2026-04-19 21:10:43,796 | INFO | rx1day_CHNprov_ssp585_median_2020-2039.xlsx | sheet=all,header_row=18 | columns=['CHN.147295916', 'Liaoning Sheng', '42.18']
2026-04-19 21:10:43,801 | INFO | rx1day_CHNprov_ssp585_median_2020-2039.xlsx | selected candidate=sheet=all,header_row=0 | province_col=name | value_col=2020-07 | rows=34 | score=26.40
2026-04-19 21:10:43,806 | INFO | rx1day_CHNprov_ssp585_median_2020-2039.xlsx | selected candidate=sheet=all,header_row=19 | province_col=Nei Mongol Zizhiqu | value_col=CHN.147295917 | rows=15 | score=16.50
2026-04-19 21:10:43,812 | INFO | rx1day_CHNprov_ssp585_median_2020-2039.xlsx | selected candidate=sheet=all,header_row=18 | province_col=Liaoning Sheng | value_col=CHN.147295916 | rows=16 | score=16.60
2026-04-19 21:10:43,813 | INFO | rx1day_CHNprov_ssp585_median_2020-2039.xlsx | final candidate=sheet=all,header_row=0 | final_rows=34
2026-04-19 21:10:43,831 | INFO | rx1day_CHNprov_ssp585_median_2040-2059.xlsx | sheet=all,header_row=0 | columns=['code', 'name', '2040-07']
2026-04-19 21:10:43,838 | INFO | rx1day_CHNprov_ssp585_median_2040-2059.xlsx | sheet=all,header_row=19 | columns=['CHN.147295917', 'Nei Mongol Zizhiqu', '21.7']
2026-04-19 21:10:43,845 | INFO | rx1day_CHNprov_ssp585_median_2040-2059.xlsx | sheet=all,header_row=18 | columns=['CHN.147295916', 'Liaoning Sheng', '45.06']
2026-04-19 21:10:43,850 | INFO | rx1day_CHNprov_ssp585_median_2040-2059.xlsx | selected candidate=sheet=all,header_row=0 | province_col=name | value_col=2040-07 | rows=34 | score=26.40
2026-04-19 21:10:43,856 | INFO | rx1day_CHNprov_ssp585_median_2040-2059.xlsx | selected candidate=sheet=all,header_row=19 | province_col=Nei Mongol Zizhiqu | value_col=CHN.147295917 | rows=15 | score=16.50
2026-04-19 21:10:43,861 | INFO | rx1day_CHNprov_ssp585_median_2040-2059.xlsx | selected candidate=sheet=all,header_row=18 | province_col=Liaoning Sheng | value_col=CHN.147295916 | rows=16 | score=16.60
2026-04-19 21:10:43,861 | INFO | rx1day_CHNprov_ssp585_median_2040-2059.xlsx | final candidate=sheet=all,header_row=0 | final_rows=34
2026-04-19 21:10:43,881 | INFO | rx1day_CHNprov_ssp585_median_2060-2079.xlsx | sheet=all,header_row=0 | columns=['code', 'name', '2060-07']
2026-04-19 21:10:43,888 | INFO | rx1day_CHNprov_ssp585_median_2060-2079.xlsx | sheet=all,header_row=19 | columns=['CHN.147295917', 'Nei Mongol Zizhiqu', '22.98']
2026-04-19 21:10:43,894 | INFO | rx1day_CHNprov_ssp585_median_2060-2079.xlsx | sheet=all,header_row=18 | columns=['CHN.147295916', 'Liaoning Sheng', '47.44']
2026-04-19 21:10:43,899 | INFO | rx1day_CHNprov_ssp585_median_2060-2079.xlsx | selected candidate=sheet=all,header_row=0 | province_col=name | value_col=2060-07 | rows=34 | score=26.40
2026-04-19 21:10:43,904 | INFO | rx1day_CHNprov_ssp585_median_2060-2079.xlsx | selected candidate=sheet=all,header_row=19 | province_col=Nei Mongol Zizhiqu | value_col=CHN.147295917 | rows=15 | score=16.50
2026-04-19 21:10:43,910 | INFO | rx1day_CHNprov_ssp585_median_2060-2079.xlsx | selected candidate=sheet=all,header_row=18 | province_col=Liaoning Sheng | value_col=CHN.147295916 | rows=16 | score=16.60
2026-04-19 21:10:43,910 | INFO | rx1day_CHNprov_ssp585_median_2060-2079.xlsx | final candidate=sheet=all,header_row=0 | final_rows=34
2026-04-19 21:10:43,929 | INFO | rx1day_CHNprov_ssp585_median_2080-2099.xlsx | sheet=all,header_row=0 | columns=['code', 'name', '2080-07']
2026-04-19 21:10:43,935 | INFO | rx1day_CHNprov_ssp585_median_2080-2099.xlsx | sheet=all,header_row=19 | columns=['CHN.147295917', 'Nei Mongol Zizhiqu', '24.43']
2026-04-19 21:10:43,943 | INFO | rx1day_CHNprov_ssp585_median_2080-2099.xlsx | sheet=all,header_row=18 | columns=['CHN.147295916', 'Liaoning Sheng', '49.74']
2026-04-19 21:10:43,948 | INFO | rx1day_CHNprov_ssp585_median_2080-2099.xlsx | selected candidate=sheet=all,header_row=0 | province_col=name | value_col=2080-07 | rows=34 | score=26.40
2026-04-19 21:10:43,953 | INFO | rx1day_CHNprov_ssp585_median_2080-2099.xlsx | selected candidate=sheet=all,header_row=19 | province_col=Nei Mongol Zizhiqu | value_col=CHN.147295917 | rows=15 | score=16.50
2026-04-19 21:10:43,958 | INFO | rx1day_CHNprov_ssp585_median_2080-2099.xlsx | selected candidate=sheet=all,header_row=18 | province_col=Liaoning Sheng | value_col=CHN.147295916 | rows=16 | score=16.60
2026-04-19 21:10:43,958 | INFO | rx1day_CHNprov_ssp585_median_2080-2099.xlsx | final candidate=sheet=all,header_row=0 | final_rows=34
2026-04-19 21:10:43,976 | INFO | rx1day_CHNprov_ssp585_p10_2020-2039.xlsx | sheet=all,header_row=0 | columns=['code', 'name', '2020-07']
2026-04-19 21:10:43,983 | INFO | rx1day_CHNprov_ssp585_p10_2020-2039.xlsx | sheet=all,header_row=19 | columns=['CHN.147295917', 'Nei Mongol Zizhiqu', '14.56']
2026-04-19 21:10:43,990 | INFO | rx1day_CHNprov_ssp585_p10_2020-2039.xlsx | sheet=all,header_row=18 | columns=['CHN.147295916', 'Liaoning Sheng', '30.31']
2026-04-19 21:10:43,995 | INFO | rx1day_CHNprov_ssp585_p10_2020-2039.xlsx | selected candidate=sheet=all,header_row=0 | province_col=name | value_col=2020-07 | rows=34 | score=26.40
2026-04-19 21:10:43,999 | INFO | rx1day_CHNprov_ssp585_p10_2020-2039.xlsx | selected candidate=sheet=all,header_row=19 | province_col=Nei Mongol Zizhiqu | value_col=CHN.147295917 | rows=15 | score=16.50
2026-04-19 21:10:44,005 | INFO | rx1day_CHNprov_ssp585_p10_2020-2039.xlsx | selected candidate=sheet=all,header_row=18 | province_col=Liaoning Sheng | value_col=CHN.147295916 | rows=16 | score=16.60
2026-04-19 21:10:44,006 | INFO | rx1day_CHNprov_ssp585_p10_2020-2039.xlsx | final candidate=sheet=all,header_row=0 | final_rows=34
2026-04-19 21:10:44,025 | INFO | rx1day_CHNprov_ssp585_p10_2040-2059.xlsx | sheet=all,header_row=0 | columns=['code', 'name', '2040-07']
2026-04-19 21:10:44,032 | INFO | rx1day_CHNprov_ssp585_p10_2040-2059.xlsx | sheet=all,header_row=19 | columns=['CHN.147295917', 'Nei Mongol Zizhiqu', '15.34']
2026-04-19 21:10:44,040 | INFO | rx1day_CHNprov_ssp585_p10_2040-2059.xlsx | sheet=all,header_row=18 | columns=['CHN.147295916', 'Liaoning Sheng', '32.33']
2026-04-19 21:10:44,046 | INFO | rx1day_CHNprov_ssp585_p10_2040-2059.xlsx | selected candidate=sheet=all,header_row=0 | province_col=name | value_col=2040-07 | rows=34 | score=26.40
2026-04-19 21:10:44,051 | INFO | rx1day_CHNprov_ssp585_p10_2040-2059.xlsx | selected candidate=sheet=all,header_row=19 | province_col=Nei Mongol Zizhiqu | value_col=CHN.147295917 | rows=15 | score=16.50
2026-04-19 21:10:44,056 | INFO | rx1day_CHNprov_ssp585_p10_2040-2059.xlsx | selected candidate=sheet=all,header_row=18 | province_col=Liaoning Sheng | value_col=CHN.147295916 | rows=16 | score=16.60
2026-04-19 21:10:44,056 | INFO | rx1day_CHNprov_ssp585_p10_2040-2059.xlsx | final candidate=sheet=all,header_row=0 | final_rows=34
2026-04-19 21:10:44,076 | INFO | rx1day_CHNprov_ssp585_p10_2060-2079.xlsx | sheet=all,header_row=0 | columns=['code', 'name', '2060-07']
2026-04-19 21:10:44,084 | INFO | rx1day_CHNprov_ssp585_p10_2060-2079.xlsx | sheet=all,header_row=19 | columns=['CHN.147295917', 'Nei Mongol Zizhiqu', '16.23']
2026-04-19 21:10:44,091 | INFO | rx1day_CHNprov_ssp585_p10_2060-2079.xlsx | sheet=all,header_row=18 | columns=['CHN.147295916', 'Liaoning Sheng', '33.38']
2026-04-19 21:10:44,096 | INFO | rx1day_CHNprov_ssp585_p10_2060-2079.xlsx | selected candidate=sheet=all,header_row=0 | province_col=name | value_col=2060-07 | rows=34 | score=26.40
2026-04-19 21:10:44,101 | INFO | rx1day_CHNprov_ssp585_p10_2060-2079.xlsx | selected candidate=sheet=all,header_row=19 | province_col=Nei Mongol Zizhiqu | value_col=CHN.147295917 | rows=15 | score=16.50
2026-04-19 21:10:44,106 | INFO | rx1day_CHNprov_ssp585_p10_2060-2079.xlsx | selected candidate=sheet=all,header_row=18 | province_col=Liaoning Sheng | value_col=CHN.147295916 | rows=16 | score=16.60
2026-04-19 21:10:44,106 | INFO | rx1day_CHNprov_ssp585_p10_2060-2079.xlsx | final candidate=sheet=all,header_row=0 | final_rows=34
2026-04-19 21:10:44,125 | INFO | rx1day_CHNprov_ssp585_p10_2080-2099.xlsx | sheet=all,header_row=0 | columns=['code', 'name', '2080-07']
2026-04-19 21:10:44,132 | INFO | rx1day_CHNprov_ssp585_p10_2080-2099.xlsx | sheet=all,header_row=19 | columns=['CHN.147295917', 'Nei Mongol Zizhiqu', '17.14']
2026-04-19 21:10:44,138 | INFO | rx1day_CHNprov_ssp585_p10_2080-2099.xlsx | sheet=all,header_row=18 | columns=['CHN.147295916', 'Liaoning Sheng', '35.72']
2026-04-19 21:10:44,144 | INFO | rx1day_CHNprov_ssp585_p10_2080-2099.xlsx | selected candidate=sheet=all,header_row=0 | province_col=name | value_col=2080-07 | rows=34 | score=26.40
2026-04-19 21:10:44,149 | INFO | rx1day_CHNprov_ssp585_p10_2080-2099.xlsx | selected candidate=sheet=all,header_row=19 | province_col=Nei Mongol Zizhiqu | value_col=CHN.147295917 | rows=15 | score=16.50
2026-04-19 21:10:44,154 | INFO | rx1day_CHNprov_ssp585_p10_2080-2099.xlsx | selected candidate=sheet=all,header_row=18 | province_col=Liaoning Sheng | value_col=CHN.147295916 | rows=16 | score=16.60
2026-04-19 21:10:44,154 | INFO | rx1day_CHNprov_ssp585_p10_2080-2099.xlsx | final candidate=sheet=all,header_row=0 | final_rows=34
2026-04-19 21:10:44,174 | INFO | rx1day_CHNprov_ssp585_p90_2020-2039.xlsx | sheet=all,header_row=0 | columns=['code', 'name', '2020-07']
2026-04-19 21:10:44,181 | INFO | rx1day_CHNprov_ssp585_p90_2020-2039.xlsx | sheet=all,header_row=19 | columns=['CHN.147295917', 'Nei Mongol Zizhiqu', '28.45']
2026-04-19 21:10:44,188 | INFO | rx1day_CHNprov_ssp585_p90_2020-2039.xlsx | sheet=all,header_row=18 | columns=['CHN.147295916', 'Liaoning Sheng', '58.14']
2026-04-19 21:10:44,194 | INFO | rx1day_CHNprov_ssp585_p90_2020-2039.xlsx | selected candidate=sheet=all,header_row=0 | province_col=name | value_col=2020-07 | rows=34 | score=26.40
2026-04-19 21:10:44,199 | INFO | rx1day_CHNprov_ssp585_p90_2020-2039.xlsx | selected candidate=sheet=all,header_row=19 | province_col=Nei Mongol Zizhiqu | value_col=CHN.147295917 | rows=15 | score=16.50
2026-04-19 21:10:44,204 | INFO | rx1day_CHNprov_ssp585_p90_2020-2039.xlsx | selected candidate=sheet=all,header_row=18 | province_col=Liaoning Sheng | value_col=CHN.147295916 | rows=16 | score=16.60
2026-04-19 21:10:44,205 | INFO | rx1day_CHNprov_ssp585_p90_2020-2039.xlsx | final candidate=sheet=all,header_row=0 | final_rows=34
2026-04-19 21:10:44,224 | INFO | rx1day_CHNprov_ssp585_p90_2040-2059.xlsx | sheet=all,header_row=0 | columns=['code', 'name', '2040-07']
2026-04-19 21:10:44,230 | INFO | rx1day_CHNprov_ssp585_p90_2040-2059.xlsx | sheet=all,header_row=19 | columns=['CHN.147295917', 'Nei Mongol Zizhiqu', '29.6']
2026-04-19 21:10:44,238 | INFO | rx1day_CHNprov_ssp585_p90_2040-2059.xlsx | sheet=all,header_row=18 | columns=['CHN.147295916', 'Liaoning Sheng', '59.85']
2026-04-19 21:10:44,244 | INFO | rx1day_CHNprov_ssp585_p90_2040-2059.xlsx | selected candidate=sheet=all,header_row=0 | province_col=name | value_col=2040-07 | rows=34 | score=26.40
2026-04-19 21:10:44,249 | INFO | rx1day_CHNprov_ssp585_p90_2040-2059.xlsx | selected candidate=sheet=all,header_row=19 | province_col=Nei Mongol Zizhiqu | value_col=CHN.147295917 | rows=15 | score=16.50
2026-04-19 21:10:44,254 | INFO | rx1day_CHNprov_ssp585_p90_2040-2059.xlsx | selected candidate=sheet=all,header_row=18 | province_col=Liaoning Sheng | value_col=CHN.147295916 | rows=16 | score=16.60
2026-04-19 21:10:44,254 | INFO | rx1day_CHNprov_ssp585_p90_2040-2059.xlsx | final candidate=sheet=all,header_row=0 | final_rows=34
2026-04-19 21:10:44,271 | INFO | rx1day_CHNprov_ssp585_p90_2060-2079.xlsx | sheet=all,header_row=0 | columns=['code', 'name', '2060-07']
2026-04-19 21:10:44,279 | INFO | rx1day_CHNprov_ssp585_p90_2060-2079.xlsx | sheet=all,header_row=19 | columns=['CHN.147295917', 'Nei Mongol Zizhiqu', '30.77']
2026-04-19 21:10:44,286 | INFO | rx1day_CHNprov_ssp585_p90_2060-2079.xlsx | sheet=all,header_row=18 | columns=['CHN.147295916', 'Liaoning Sheng', '63.12']
2026-04-19 21:10:44,290 | INFO | rx1day_CHNprov_ssp585_p90_2060-2079.xlsx | selected candidate=sheet=all,header_row=0 | province_col=name | value_col=2060-07 | rows=34 | score=26.40
2026-04-19 21:10:44,295 | INFO | rx1day_CHNprov_ssp585_p90_2060-2079.xlsx | selected candidate=sheet=all,header_row=19 | province_col=Nei Mongol Zizhiqu | value_col=CHN.147295917 | rows=15 | score=16.50
2026-04-19 21:10:44,299 | INFO | rx1day_CHNprov_ssp585_p90_2060-2079.xlsx | selected candidate=sheet=all,header_row=18 | province_col=Liaoning Sheng | value_col=CHN.147295916 | rows=16 | score=16.60
2026-04-19 21:10:44,299 | INFO | rx1day_CHNprov_ssp585_p90_2060-2079.xlsx | final candidate=sheet=all,header_row=0 | final_rows=34
2026-04-19 21:10:44,320 | INFO | rx1day_CHNprov_ssp585_p90_2080-2099.xlsx | sheet=all,header_row=0 | columns=['code', 'name', '2080-07']
2026-04-19 21:10:44,327 | INFO | rx1day_CHNprov_ssp585_p90_2080-2099.xlsx | sheet=all,header_row=19 | columns=['CHN.147295917', 'Nei Mongol Zizhiqu', '32.14']
2026-04-19 21:10:44,333 | INFO | rx1day_CHNprov_ssp585_p90_2080-2099.xlsx | sheet=all,header_row=18 | columns=['CHN.147295916', 'Liaoning Sheng', '65.65']
2026-04-19 21:10:44,338 | INFO | rx1day_CHNprov_ssp585_p90_2080-2099.xlsx | selected candidate=sheet=all,header_row=0 | province_col=name | value_col=2080-07 | rows=34 | score=26.40
2026-04-19 21:10:44,343 | INFO | rx1day_CHNprov_ssp585_p90_2080-2099.xlsx | selected candidate=sheet=all,header_row=19 | province_col=Nei Mongol Zizhiqu | value_col=CHN.147295917 | rows=15 | score=16.50
2026-04-19 21:10:44,352 | INFO | rx1day_CHNprov_ssp585_p90_2080-2099.xlsx | selected candidate=sheet=all,header_row=18 | province_col=Liaoning Sheng | value_col=CHN.147295916 | rows=16 | score=16.60
2026-04-19 21:10:44,352 | INFO | rx1day_CHNprov_ssp585_p90_2080-2099.xlsx | final candidate=sheet=all,header_row=0 | final_rows=34
2026-04-19 21:10:44,376 | INFO | Merged rows: 2028
2026-04-19 21:10:44,376 | INFO | Output path: E:\MALA\Code_health\6 未来情景分析\data_processed\cckp_rx1day_panel.csv
