2026-04-20 19:02:35,684 | INFO | Log file: E:\MALA\Code_health\6 未来情景分析\logs\run_future_scenario_projection_20260420_190235.log
2026-04-20 19:02:35,702 | INFO | Selected model roles: ['main_model', 'robust_low_vif', 'robust_systematic', 'robust_strict_fe']
2026-04-20 19:02:35,702 | INFO | Union variables: ['GDP', 'PM2.5', 'R1xday', 'TA（°C）', '主要城市日照时数', '主要城市降水量', '人均日生活用水量(升)', '城市用水普及率', '抗菌药物使用强度', '文盲比例', '牲畜饲养\n-猪年底头数', '省平均气温', '食品消费量']
2026-04-20 19:02:35,875 | INFO | Forecasted GDP for 31 provinces
2026-04-20 19:02:36,045 | INFO | Forecasted PM2.5 for 31 provinces
2026-04-20 19:02:36,239 | INFO | Forecasted R1xday for 31 provinces
2026-04-20 19:02:36,434 | INFO | Forecasted TA（°C） for 31 provinces
2026-04-20 19:02:36,588 | INFO | Forecasted 主要城市日照时数 for 31 provinces
2026-04-20 19:02:36,788 | INFO | Forecasted 主要城市降水量 for 31 provinces
2026-04-20 19:02:36,954 | INFO | Forecasted 人均日生活用水量(升) for 31 provinces
2026-04-20 19:02:37,122 | INFO | Forecasted 城市用水普及率 for 31 provinces
2026-04-20 19:02:37,283 | INFO | Forecasted 抗菌药物使用强度 for 31 provinces
2026-04-20 19:02:37,465 | INFO | Forecasted 文盲比例 for 31 provinces
2026-04-20 19:02:37,619 | INFO | Forecasted 牲畜饲养
-猪年底头数 for 31 provinces
2026-04-20 19:02:37,768 | INFO | Forecasted 省平均气温 for 31 provinces
2026-04-20 19:02:37,951 | INFO | Forecasted 食品消费量 for 31 provinces
2026-04-20 19:02:38,028 | INFO | Aligned external rx1day by province/scenario/statistic with mean-bias correction; overlap groups=465
2026-04-20 19:02:38,238 | INFO | Forecasted value for 31 provinces
2026-04-20 19:02:38,571 | INFO | Forecasted value for 31 provinces
2026-04-20 19:02:38,893 | INFO | Forecasted value for 31 provinces
2026-04-20 19:02:39,235 | INFO | Forecasted value for 31 provinces
2026-04-20 19:02:41,319 | INFO | Projection panel rows: 53568
2026-04-20 19:02:41,319 | INFO | National plot: E:\MALA\Code_health\6 未来情景分析\results\AMR_AGG_RAW\figures\national_yearly_main_model.png
2026-04-20 19:02:41,319 | INFO | Metadata: E:\MALA\Code_health\6 未来情景分析\results\AMR_AGG_RAW\run_metadata.json
