2026-04-19 23:05:59,898 | INFO | Log file: E:\MALA\Code_health\6 未来情景分析\logs\run_future_scenario_projection_20260419_230559.log
2026-04-19 23:05:59,918 | INFO | Selected model roles: ['main_model', 'robust_low_vif', 'robust_systematic', 'robust_strict_fe']
2026-04-19 23:05:59,918 | INFO | Union variables: ['GDP', 'PM2.5', 'R1xday', 'TA（°C）', '主要城市日照时数', '主要城市降水量', '人均日生活用水量(升)', '城市用水普及率', '抗菌药物使用强度', '文盲比例', '牲畜饲养\n-猪年底头数', '省平均气温', '食品消费量']
2026-04-19 23:06:00,143 | INFO | Forecasted GDP for 31 provinces
2026-04-19 23:06:00,300 | INFO | Forecasted PM2.5 for 31 provinces
2026-04-19 23:06:00,459 | INFO | Forecasted R1xday for 31 provinces
2026-04-19 23:06:00,605 | INFO | Forecasted TA（°C） for 31 provinces
2026-04-19 23:06:00,738 | INFO | Forecasted 主要城市日照时数 for 31 provinces
2026-04-19 23:06:00,926 | INFO | Forecasted 主要城市降水量 for 31 provinces
2026-04-19 23:06:01,102 | INFO | Forecasted 人均日生活用水量(升) for 31 provinces
2026-04-19 23:06:01,275 | INFO | Forecasted 城市用水普及率 for 31 provinces
2026-04-19 23:06:01,426 | INFO | Forecasted 抗菌药物使用强度 for 31 provinces
2026-04-19 23:06:01,586 | INFO | Forecasted 文盲比例 for 31 provinces
2026-04-19 23:06:01,720 | INFO | Forecasted 牲畜饲养
-猪年底头数 for 31 provinces
2026-04-19 23:06:01,861 | INFO | Forecasted 省平均气温 for 31 provinces
2026-04-19 23:06:02,046 | INFO | Forecasted 食品消费量 for 31 provinces
2026-04-19 23:06:02,123 | INFO | Aligned external rx1day by province/scenario/statistic with mean-bias correction; overlap groups=465
2026-04-19 23:06:02,345 | INFO | Forecasted value for 31 provinces
2026-04-19 23:06:02,683 | INFO | Forecasted value for 31 provinces
2026-04-19 23:06:03,018 | INFO | Forecasted value for 31 provinces
2026-04-19 23:06:03,330 | INFO | Forecasted value for 31 provinces
2026-04-19 23:06:04,780 | INFO | Projection panel rows: 53568
2026-04-19 23:06:04,780 | INFO | National plot: E:\MALA\Code_health\6 未来情景分析\results\AMR_AGG\figures\national_yearly_main_model.png
2026-04-19 23:06:04,780 | INFO | Metadata: E:\MALA\Code_health\6 未来情景分析\results\AMR_AGG\run_metadata.json
