2026-04-20 18:39:39,271 | INFO | Log file: E:\MALA\Code_health\6 未来情景分析\logs\run_future_scenario_projection_20260420_183939.log
2026-04-20 18:39:39,296 | INFO | Selected model roles: ['main_model', 'robust_low_vif', 'robust_systematic', 'robust_strict_fe']
2026-04-20 18:39:39,296 | INFO | Union variables: ['GDP', 'PM2.5', 'R1xday', 'TA（°C）', '主要城市日照时数', '主要城市降水量', '人均日生活用水量(升)', '城市用水普及率', '抗菌药物使用强度', '文盲比例', '牲畜饲养\n-猪年底头数', '省平均气温', '食品消费量']
2026-04-20 18:39:39,324 | INFO | Observed covariate override years in X_PATH: [2024]
2026-04-20 18:39:39,693 | INFO | Forecasted GDP for 31 provinces
2026-04-20 18:39:39,886 | INFO | Forecasted PM2.5 for 31 provinces
2026-04-20 18:39:40,079 | INFO | Forecasted R1xday for 31 provinces
2026-04-20 18:39:40,259 | INFO | Forecasted TA（°C） for 31 provinces
2026-04-20 18:39:40,452 | INFO | Forecasted 主要城市日照时数 for 31 provinces
2026-04-20 18:39:40,602 | INFO | Forecasted 主要城市降水量 for 31 provinces
2026-04-20 18:39:40,784 | INFO | Forecasted 人均日生活用水量(升) for 31 provinces
2026-04-20 18:39:40,964 | INFO | Forecasted 城市用水普及率 for 31 provinces
2026-04-20 18:39:41,138 | INFO | Forecasted 抗菌药物使用强度 for 31 provinces
2026-04-20 18:39:41,307 | INFO | Forecasted 文盲比例 for 31 provinces
2026-04-20 18:39:41,446 | INFO | Forecasted 牲畜饲养
-猪年底头数 for 31 provinces
2026-04-20 18:39:41,591 | INFO | Forecasted 省平均气温 for 31 provinces
2026-04-20 18:39:41,752 | INFO | Forecasted 食品消费量 for 31 provinces
2026-04-20 18:39:41,835 | INFO | Aligned external rx1day by province/scenario/statistic with mean-bias correction; overlap groups=465
2026-04-20 18:39:42,091 | INFO | Forecasted value for 31 provinces
2026-04-20 18:39:42,512 | INFO | Forecasted value for 31 provinces
2026-04-20 18:39:42,942 | INFO | Forecasted value for 31 provinces
2026-04-20 18:39:43,401 | INFO | Forecasted value for 31 provinces
2026-04-20 18:39:48,022 | INFO | Projection panel rows: 53568
2026-04-20 18:39:48,023 | INFO | National plot: E:\MALA\Code_health\6 未来情景分析\results\AMR_AGG_RAW\figures\national_yearly_main_model.png
2026-04-20 18:39:48,023 | INFO | Metadata: E:\MALA\Code_health\6 未来情景分析\results\AMR_AGG_RAW\run_metadata.json
