2026-04-19 23:04:51,909 | INFO | Log file: E:\MALA\Code_health\6 未来情景分析\logs\run_future_scenario_projection_20260419_230451.log
2026-04-19 23:04:51,936 | INFO | Selected model roles: ['main_model', 'robust_low_vif', 'robust_systematic', 'robust_strict_fe']
2026-04-19 23:04:51,936 | INFO | Union variables: ['GDP', 'PM2.5', 'R1xday', 'TA（°C）', '主要城市日照时数', '主要城市降水量', '人均日生活用水量(升)', '城市用水普及率', '抗菌药物使用强度', '文盲比例', '牲畜饲养\n-猪年底头数', '省平均气温', '食品消费量']
2026-04-19 23:04:52,369 | INFO | Forecasted GDP for 31 provinces
2026-04-19 23:04:52,507 | INFO | Forecasted PM2.5 for 31 provinces
2026-04-19 23:04:52,648 | INFO | Forecasted R1xday for 31 provinces
2026-04-19 23:04:52,773 | INFO | Forecasted TA（°C） for 31 provinces
2026-04-19 23:04:52,883 | INFO | Forecasted 主要城市日照时数 for 31 provinces
2026-04-19 23:04:53,016 | INFO | Forecasted 主要城市降水量 for 31 provinces
2026-04-19 23:04:53,209 | INFO | Forecasted 人均日生活用水量(升) for 31 provinces
2026-04-19 23:04:53,350 | INFO | Forecasted 城市用水普及率 for 31 provinces
2026-04-19 23:04:53,479 | INFO | Forecasted 抗菌药物使用强度 for 31 provinces
2026-04-19 23:04:53,617 | INFO | Forecasted 文盲比例 for 31 provinces
2026-04-19 23:04:53,742 | INFO | Forecasted 牲畜饲养
-猪年底头数 for 31 provinces
2026-04-19 23:04:53,867 | INFO | Forecasted 省平均气温 for 31 provinces
2026-04-19 23:04:54,005 | INFO | Forecasted 食品消费量 for 31 provinces
2026-04-19 23:04:54,086 | INFO | Aligned external rx1day by province/scenario/statistic with mean-bias correction; overlap groups=465
2026-04-19 23:04:54,305 | INFO | Forecasted value for 31 provinces
2026-04-19 23:04:54,624 | INFO | Forecasted value for 31 provinces
2026-04-19 23:04:54,929 | INFO | Forecasted value for 31 provinces
2026-04-19 23:04:55,258 | INFO | Forecasted value for 31 provinces
2026-04-19 23:04:59,960 | INFO | Projection panel rows: 53568
2026-04-19 23:04:59,960 | INFO | National plot: E:\MALA\Code_health\6 未来情景分析\results\AMR_AGG\figures\national_yearly_main_model.png
2026-04-19 23:04:59,960 | INFO | Metadata: E:\MALA\Code_health\6 未来情景分析\results\AMR_AGG\run_metadata.json
