2026-04-28 00:05:39,018 | INFO | Log file: E:\MALA\Code_health\6 未来情景分析\logs\run_future_scenario_projection_20260428_000539.log
2026-04-28 00:05:39,030 | INFO | Selected model roles: ['main_model', 'strict_main_model', 'strict_top_02', 'strict_top_03', 'strict_top_04', 'strict_top_05', 'strict_top_06', 'strict_top_07', 'strict_top_08', 'robust_systematic', 'robust_systematic_2', 'robust_low_vif']
2026-04-28 00:05:39,030 | INFO | Union variables: ['GDP', 'PA（%）', 'PM2.5', 'R1xday', 'TA（°C）', '主要城市日照时数', '主要城市降水量', '人均日生活用水量(升)', '医疗水平', '卫生程度\n（日污水处理能力）', '城市用水普及率', '抗菌药物使用强度', '文盲比例', '氮氧化物', '牲畜饲养\n-猪年底头数', '生活垃圾无害化处理率', '食品消费量', '饮用水\n供水综合生产能力(万立方米/日)']
2026-04-28 00:05:39,033 | INFO | Baseline modes: ['lancet_ets', 'x_driven']
2026-04-28 00:05:39,166 | INFO | Forecasted GDP for 31 provinces
2026-04-28 00:05:39,282 | INFO | Forecasted PA（%） for 31 provinces
2026-04-28 00:05:39,400 | INFO | Forecasted PM2.5 for 31 provinces
2026-04-28 00:05:39,520 | INFO | Forecasted R1xday for 31 provinces
2026-04-28 00:05:39,630 | INFO | Forecasted TA（°C） for 31 provinces
2026-04-28 00:05:39,768 | INFO | Forecasted 主要城市日照时数 for 31 provinces
2026-04-28 00:05:39,874 | INFO | Forecasted 主要城市降水量 for 31 provinces
2026-04-28 00:05:39,998 | INFO | Forecasted 人均日生活用水量(升) for 31 provinces
2026-04-28 00:05:40,136 | INFO | Forecasted 医疗水平 for 31 provinces
2026-04-28 00:05:40,286 | INFO | Forecasted 卫生程度
（日污水处理能力） for 31 provinces
2026-04-28 00:05:40,436 | INFO | Forecasted 城市用水普及率 for 31 provinces
2026-04-28 00:05:40,571 | INFO | Forecasted 抗菌药物使用强度 for 31 provinces
2026-04-28 00:05:40,738 | INFO | Forecasted 文盲比例 for 31 provinces
2026-04-28 00:05:40,886 | INFO | Forecasted 氮氧化物 for 31 provinces
2026-04-28 00:05:41,003 | INFO | Forecasted 牲畜饲养
-猪年底头数 for 31 provinces
2026-04-28 00:05:41,135 | INFO | Forecasted 生活垃圾无害化处理率 for 31 provinces
2026-04-28 00:05:41,267 | INFO | Forecasted 食品消费量 for 31 provinces
2026-04-28 00:05:41,388 | INFO | Forecasted 饮用水
供水综合生产能力(万立方米/日) for 31 provinces
2026-04-28 00:05:41,452 | INFO | Aligned external rx1day by province/scenario/statistic with mean-bias correction; overlap groups=465
2026-04-28 00:05:41,712 | INFO | Aligned external 省平均气温 by province/scenario/statistic with mean-bias correction; overlap groups=465
2026-04-28 00:05:42,232 | INFO | Running baseline mode: lancet_ets
2026-04-28 00:05:42,355 | INFO | Forecasted value for 31 provinces
2026-04-28 00:05:42,585 | INFO | Forecasted value for 31 provinces
2026-04-28 00:05:42,808 | INFO | Forecasted value for 31 provinces
2026-04-28 00:05:43,032 | INFO | Forecasted value for 31 provinces
2026-04-28 00:05:43,246 | INFO | Forecasted value for 31 provinces
2026-04-28 00:05:43,457 | INFO | Forecasted value for 31 provinces
2026-04-28 00:05:43,682 | INFO | Forecasted value for 31 provinces
2026-04-28 00:05:43,906 | INFO | Forecasted value for 31 provinces
2026-04-28 00:05:44,127 | INFO | Forecasted value for 31 provinces
2026-04-28 00:05:44,386 | INFO | Forecasted value for 31 provinces
2026-04-28 00:05:44,604 | INFO | Forecasted value for 31 provinces
2026-04-28 00:05:44,817 | INFO | Forecasted value for 31 provinces
2026-04-28 00:05:47,883 | INFO | Completed baseline mode lancet_ets with 160704 rows
2026-04-28 00:05:47,883 | INFO | Running baseline mode: x_driven
2026-04-28 00:05:47,898 | INFO | Built x-driven baseline for main_model using 8 variables; time-effect method=ets_add_damped
2026-04-28 00:05:48,008 | INFO | Built x-driven baseline for strict_main_model using 8 variables; time-effect method=ets_add_damped
2026-04-28 00:05:48,121 | INFO | Built x-driven baseline for strict_top_02 using 8 variables; time-effect method=ets_add_damped
2026-04-28 00:05:48,227 | INFO | Built x-driven baseline for strict_top_03 using 8 variables; time-effect method=ets_add_damped
2026-04-28 00:05:48,334 | INFO | Built x-driven baseline for strict_top_04 using 9 variables; time-effect method=ets_add_damped
2026-04-28 00:05:48,449 | INFO | Built x-driven baseline for strict_top_05 using 8 variables; time-effect method=ets_add_damped
2026-04-28 00:05:48,600 | INFO | Built x-driven baseline for strict_top_06 using 8 variables; time-effect method=ets_add_damped
2026-04-28 00:05:48,706 | INFO | Built x-driven baseline for strict_top_07 using 9 variables; time-effect method=ets_add_damped
2026-04-28 00:05:48,822 | INFO | Built x-driven baseline for strict_top_08 using 8 variables; time-effect method=ets_add_damped
2026-04-28 00:05:48,932 | INFO | Built x-driven baseline for robust_systematic using 9 variables; time-effect method=ets_add_damped
2026-04-28 00:05:49,052 | INFO | Built x-driven baseline for robust_systematic_2 using 9 variables; time-effect method=ets_add_damped
2026-04-28 00:05:49,176 | INFO | Built x-driven baseline for robust_low_vif using 9 variables; time-effect method=ets_add_damped
2026-04-28 00:05:52,176 | INFO | Completed baseline mode x_driven with 160704 rows
2026-04-28 00:05:52,251 | INFO | Top-level metadata: E:\MALA\Code_health\6 未来情景分析\results\run_metadata.json
