2026-04-23 02:46:21,435 | INFO | Log file: E:\MALA\Code_health\6 未来情景分析\logs\run_future_scenario_projection_20260423_024621.log
2026-04-23 02:46:21,450 | INFO | Selected model roles: ['main_model', 'robust_low_vif', 'robust_systematic', 'robust_strict_fe', 'strict_main_model', 'strict_top_02', 'strict_top_03', 'strict_top_04', 'strict_top_05', 'strict_top_06', 'strict_top_07', 'strict_top_08']
2026-04-23 02:46:21,450 | INFO | Union variables: ['GDP', 'PA（%）', 'PM2.5', 'R1xday', 'TA（°C）', '主要城市日照时数', '主要城市降水量', '人均日生活用水量(升)', '医疗水平', '卫生程度\n（日污水处理能力）', '城市用水普及率', '抗菌药物使用强度', '文盲比例', '牲畜饲养\n-猪年底头数', '生活垃圾无害化处理率', '省平均气温', '食品消费量', '饮用水\n供水综合生产能力(万立方米/日)']
2026-04-23 02:46:21,453 | INFO | Baseline modes: ['lancet_ets', 'x_driven']
2026-04-23 02:46:21,664 | INFO | Forecasted GDP for 31 provinces
2026-04-23 02:46:21,875 | INFO | Forecasted PA（%） for 31 provinces
2026-04-23 02:46:22,092 | INFO | Forecasted PM2.5 for 31 provinces
2026-04-23 02:46:22,289 | INFO | Forecasted R1xday for 31 provinces
2026-04-23 02:46:22,453 | INFO | Forecasted TA（°C） for 31 provinces
2026-04-23 02:46:23,028 | INFO | Forecasted 主要城市日照时数 for 31 provinces
2026-04-23 02:46:23,571 | INFO | Forecasted 主要城市降水量 for 31 provinces
2026-04-23 02:46:24,271 | INFO | Forecasted 人均日生活用水量(升) for 31 provinces
2026-04-23 02:46:24,910 | INFO | Forecasted 医疗水平 for 31 provinces
2026-04-23 02:46:25,609 | INFO | Forecasted 卫生程度
（日污水处理能力） for 31 provinces
2026-04-23 02:46:26,139 | INFO | Forecasted 城市用水普及率 for 31 provinces
2026-04-23 02:46:26,781 | INFO | Forecasted 抗菌药物使用强度 for 31 provinces
2026-04-23 02:46:27,503 | INFO | Forecasted 文盲比例 for 31 provinces
2026-04-23 02:46:28,078 | INFO | Forecasted 牲畜饲养
-猪年底头数 for 31 provinces
2026-04-23 02:46:28,824 | INFO | Forecasted 生活垃圾无害化处理率 for 31 provinces
2026-04-23 02:46:29,478 | INFO | Forecasted 省平均气温 for 31 provinces
2026-04-23 02:46:30,231 | INFO | Forecasted 食品消费量 for 31 provinces
2026-04-23 02:46:30,928 | INFO | Forecasted 饮用水
供水综合生产能力(万立方米/日) for 31 provinces
2026-04-23 02:46:31,171 | INFO | Aligned external rx1day by province/scenario/statistic with mean-bias correction; overlap groups=465
2026-04-23 02:46:33,460 | INFO | Running baseline mode: lancet_ets
2026-04-23 02:46:34,137 | INFO | Forecasted value for 31 provinces
2026-04-23 02:46:35,152 | INFO | Forecasted value for 31 provinces
2026-04-23 02:46:36,082 | INFO | Forecasted value for 31 provinces
2026-04-23 02:46:36,986 | INFO | Forecasted value for 31 provinces
2026-04-23 02:46:37,891 | INFO | Forecasted value for 31 provinces
2026-04-23 02:46:38,928 | INFO | Forecasted value for 31 provinces
2026-04-23 02:46:39,843 | INFO | Forecasted value for 31 provinces
2026-04-23 02:46:40,871 | INFO | Forecasted value for 31 provinces
2026-04-23 02:46:41,838 | INFO | Forecasted value for 31 provinces
2026-04-23 02:46:42,842 | INFO | Forecasted value for 31 provinces
2026-04-23 02:46:43,798 | INFO | Forecasted value for 31 provinces
2026-04-23 02:46:44,920 | INFO | Forecasted value for 31 provinces
2026-04-23 02:46:53,788 | INFO | Completed baseline mode lancet_ets with 160704 rows
2026-04-23 02:46:53,788 | INFO | Running baseline mode: x_driven
2026-04-23 02:46:53,859 | INFO | Built x-driven baseline for main_model using 8 variables; time-effect method=ets_add_damped
2026-04-23 02:46:54,278 | INFO | Built x-driven baseline for robust_low_vif using 9 variables; time-effect method=ets_add_damped
2026-04-23 02:46:54,752 | INFO | Built x-driven baseline for robust_systematic using 9 variables; time-effect method=ets_add_damped
2026-04-23 02:46:55,236 | INFO | Built x-driven baseline for robust_strict_fe using 8 variables; time-effect method=ets_add_damped
2026-04-23 02:46:55,667 | INFO | Built x-driven baseline for strict_main_model using 8 variables; time-effect method=ets_add_damped
2026-04-23 02:46:56,197 | INFO | Built x-driven baseline for strict_top_02 using 8 variables; time-effect method=ets_add_damped
2026-04-23 02:46:56,586 | INFO | Built x-driven baseline for strict_top_03 using 8 variables; time-effect method=ets_add_damped
2026-04-23 02:46:57,081 | INFO | Built x-driven baseline for strict_top_04 using 9 variables; time-effect method=ets_add_damped
2026-04-23 02:46:57,532 | INFO | Built x-driven baseline for strict_top_05 using 8 variables; time-effect method=ets_add_damped
2026-04-23 02:46:58,014 | INFO | Built x-driven baseline for strict_top_06 using 8 variables; time-effect method=ets_add_damped
2026-04-23 02:46:58,458 | INFO | Built x-driven baseline for strict_top_07 using 9 variables; time-effect method=ets_add_damped
2026-04-23 02:46:58,970 | INFO | Built x-driven baseline for strict_top_08 using 8 variables; time-effect method=ets_add_damped
2026-04-23 02:47:08,124 | INFO | Completed baseline mode x_driven with 160704 rows
2026-04-23 02:47:08,390 | INFO | Top-level metadata: E:\MALA\Code_health\6 未来情景分析\results\run_metadata.json
