2026-04-23 14:38:31,250 | INFO | Log file: E:\MALA\Code_health\6 未来情景分析\logs\run_future_scenario_projection_20260423_143831.log
2026-04-23 14:38:31,275 | INFO | Selected model roles: ['strict_main_model', 'strict_top_02', 'strict_top_03', 'strict_top_04', 'strict_top_05', 'strict_top_06', 'strict_top_07', 'strict_top_08', 'robust_systematic', 'robust_systematic_2', 'robust_low_vif', 'main_model']
2026-04-23 14:38:31,275 | INFO | Union variables: ['GDP', 'PA（%）', 'PM2.5', 'R1xday', 'TA（°C）', '主要城市日照时数', '主要城市降水量', '人均日生活用水量(升)', '医疗水平', '卫生程度\n（日污水处理能力）', '城市用水普及率', '抗菌药物使用强度', '文盲比例', '牲畜饲养\n-猪年底头数', '生活垃圾无害化处理率', '省平均气温', '食品消费量', '饮用水\n供水综合生产能力(万立方米/日)']
2026-04-23 14:38:31,277 | INFO | Baseline modes: ['lancet_ets', 'x_driven']
2026-04-23 14:38:31,449 | INFO | Forecasted GDP for 31 provinces
2026-04-23 14:38:31,621 | INFO | Forecasted PA（%） for 31 provinces
2026-04-23 14:38:31,820 | INFO | Forecasted PM2.5 for 31 provinces
2026-04-23 14:38:31,994 | INFO | Forecasted R1xday for 31 provinces
2026-04-23 14:38:32,170 | INFO | Forecasted TA（°C） for 31 provinces
2026-04-23 14:38:32,362 | INFO | Forecasted 主要城市日照时数 for 31 provinces
2026-04-23 14:38:32,529 | INFO | Forecasted 主要城市降水量 for 31 provinces
2026-04-23 14:38:32,806 | INFO | Forecasted 人均日生活用水量(升) for 31 provinces
2026-04-23 14:38:33,053 | INFO | Forecasted 医疗水平 for 31 provinces
2026-04-23 14:38:33,342 | INFO | Forecasted 卫生程度
（日污水处理能力） for 31 provinces
2026-04-23 14:38:33,532 | INFO | Forecasted 城市用水普及率 for 31 provinces
2026-04-23 14:38:33,852 | INFO | Forecasted 抗菌药物使用强度 for 31 provinces
2026-04-23 14:38:34,128 | INFO | Forecasted 文盲比例 for 31 provinces
2026-04-23 14:38:34,374 | INFO | Forecasted 牲畜饲养
-猪年底头数 for 31 provinces
2026-04-23 14:38:34,673 | INFO | Forecasted 生活垃圾无害化处理率 for 31 provinces
2026-04-23 14:38:34,935 | INFO | Forecasted 省平均气温 for 31 provinces
2026-04-23 14:38:35,225 | INFO | Forecasted 食品消费量 for 31 provinces
2026-04-23 14:38:35,532 | INFO | Forecasted 饮用水
供水综合生产能力(万立方米/日) for 31 provinces
2026-04-23 14:38:35,632 | INFO | Aligned external rx1day by province/scenario/statistic with mean-bias correction; overlap groups=465
2026-04-23 14:38:36,640 | INFO | Running baseline mode: lancet_ets
2026-04-23 14:38:36,935 | INFO | Forecasted value for 31 provinces
2026-04-23 14:38:37,403 | INFO | Forecasted value for 31 provinces
2026-04-23 14:38:37,893 | INFO | Forecasted value for 31 provinces
2026-04-23 14:38:38,424 | INFO | Forecasted value for 31 provinces
2026-04-23 14:38:38,896 | INFO | Forecasted value for 31 provinces
2026-04-23 14:38:39,281 | INFO | Forecasted value for 31 provinces
2026-04-23 14:38:39,623 | INFO | Forecasted value for 31 provinces
2026-04-23 14:38:40,097 | INFO | Forecasted value for 31 provinces
2026-04-23 14:38:40,486 | INFO | Forecasted value for 31 provinces
2026-04-23 14:38:40,866 | INFO | Forecasted value for 31 provinces
2026-04-23 14:38:41,252 | INFO | Forecasted value for 31 provinces
2026-04-23 14:38:41,636 | INFO | Forecasted value for 31 provinces
2026-04-23 14:38:45,779 | INFO | Completed baseline mode lancet_ets with 160704 rows
2026-04-23 14:38:45,779 | INFO | Running baseline mode: x_driven
2026-04-23 14:38:45,803 | INFO | Built x-driven baseline for strict_main_model using 8 variables; time-effect method=ets_add_damped
2026-04-23 14:38:46,042 | INFO | Built x-driven baseline for strict_top_02 using 8 variables; time-effect method=ets_add_damped
2026-04-23 14:38:46,260 | INFO | Built x-driven baseline for strict_top_03 using 8 variables; time-effect method=ets_add_damped
2026-04-23 14:38:46,425 | INFO | Built x-driven baseline for strict_top_04 using 9 variables; time-effect method=ets_add_damped
2026-04-23 14:38:46,685 | INFO | Built x-driven baseline for strict_top_05 using 8 variables; time-effect method=ets_add_damped
2026-04-23 14:38:46,877 | INFO | Built x-driven baseline for strict_top_06 using 8 variables; time-effect method=ets_add_damped
2026-04-23 14:38:47,158 | INFO | Built x-driven baseline for strict_top_07 using 9 variables; time-effect method=ets_add_damped
2026-04-23 14:38:47,371 | INFO | Built x-driven baseline for strict_top_08 using 8 variables; time-effect method=ets_add_damped
2026-04-23 14:38:47,571 | INFO | Built x-driven baseline for robust_systematic using 9 variables; time-effect method=ets_add_damped
2026-04-23 14:38:47,718 | INFO | Built x-driven baseline for robust_systematic_2 using 9 variables; time-effect method=ets_add_damped
2026-04-23 14:38:47,844 | INFO | Built x-driven baseline for robust_low_vif using 9 variables; time-effect method=ets_add_damped
2026-04-23 14:38:48,066 | INFO | Built x-driven baseline for main_model using 8 variables; time-effect method=ets_add_damped
2026-04-23 14:38:52,422 | INFO | Completed baseline mode x_driven with 160704 rows
2026-04-23 14:38:52,557 | INFO | Top-level metadata: E:\MALA\Code_health\6 未来情景分析\results\run_metadata.json
