2026-04-23 15:05:48,805 | INFO | Log file: E:\MALA\Code_health\6 未来情景分析\logs\run_future_scenario_projection_20260423_150548.log
2026-04-23 15:05:48,822 | INFO | Selected model roles: ['strict_main_model', 'strict_top_02', 'strict_top_03', 'strict_top_04', 'strict_top_05', 'strict_top_06', 'strict_top_07', 'strict_top_08', 'robust_systematic', 'robust_systematic_2', 'robust_low_vif', 'main_model']
2026-04-23 15:05:48,822 | INFO | Union variables: ['GDP', 'PA（%）', 'PM2.5', 'R1xday', 'TA（°C）', '主要城市日照时数', '主要城市降水量', '人均日生活用水量(升)', '医疗水平', '卫生程度\n（日污水处理能力）', '城市用水普及率', '抗菌药物使用强度', '文盲比例', '牲畜饲养\n-猪年底头数', '生活垃圾无害化处理率', '省平均气温', '食品消费量', '饮用水\n供水综合生产能力(万立方米/日)']
2026-04-23 15:05:48,823 | INFO | Baseline modes: ['lancet_ets', 'x_driven']
2026-04-23 15:05:48,965 | INFO | Forecasted GDP for 31 provinces
2026-04-23 15:05:49,129 | INFO | Forecasted PA（%） for 31 provinces
2026-04-23 15:05:49,290 | INFO | Forecasted PM2.5 for 31 provinces
2026-04-23 15:05:49,456 | INFO | Forecasted R1xday for 31 provinces
2026-04-23 15:05:49,616 | INFO | Forecasted TA（°C） for 31 provinces
2026-04-23 15:05:49,797 | INFO | Forecasted 主要城市日照时数 for 31 provinces
2026-04-23 15:05:49,928 | INFO | Forecasted 主要城市降水量 for 31 provinces
2026-04-23 15:05:50,083 | INFO | Forecasted 人均日生活用水量(升) for 31 provinces
2026-04-23 15:05:50,231 | INFO | Forecasted 医疗水平 for 31 provinces
2026-04-23 15:05:50,378 | INFO | Forecasted 卫生程度
（日污水处理能力） for 31 provinces
2026-04-23 15:05:50,521 | INFO | Forecasted 城市用水普及率 for 31 provinces
2026-04-23 15:05:50,683 | INFO | Forecasted 抗菌药物使用强度 for 31 provinces
2026-04-23 15:05:50,838 | INFO | Forecasted 文盲比例 for 31 provinces
2026-04-23 15:05:50,968 | INFO | Forecasted 牲畜饲养
-猪年底头数 for 31 provinces
2026-04-23 15:05:51,138 | INFO | Forecasted 生活垃圾无害化处理率 for 31 provinces
2026-04-23 15:05:51,289 | INFO | Forecasted 省平均气温 for 31 provinces
2026-04-23 15:05:51,452 | INFO | Forecasted 食品消费量 for 31 provinces
2026-04-23 15:05:51,614 | INFO | Forecasted 饮用水
供水综合生产能力(万立方米/日) for 31 provinces
2026-04-23 15:05:51,690 | INFO | Aligned external rx1day by province/scenario/statistic with mean-bias correction; overlap groups=465
2026-04-23 15:05:52,270 | INFO | Running baseline mode: lancet_ets
2026-04-23 15:05:52,419 | INFO | Forecasted value for 31 provinces
2026-04-23 15:05:52,697 | INFO | Forecasted value for 31 provinces
2026-04-23 15:05:52,941 | INFO | Forecasted value for 31 provinces
2026-04-23 15:05:53,237 | INFO | Forecasted value for 31 provinces
2026-04-23 15:05:53,508 | INFO | Forecasted value for 31 provinces
2026-04-23 15:05:53,760 | INFO | Forecasted value for 31 provinces
2026-04-23 15:05:54,021 | INFO | Forecasted value for 31 provinces
2026-04-23 15:05:54,383 | INFO | Forecasted value for 31 provinces
2026-04-23 15:05:54,701 | INFO | Forecasted value for 31 provinces
2026-04-23 15:05:55,012 | INFO | Forecasted value for 31 provinces
2026-04-23 15:05:55,342 | INFO | Forecasted value for 31 provinces
2026-04-23 15:05:55,592 | INFO | Forecasted value for 31 provinces
2026-04-23 15:05:58,951 | INFO | Completed baseline mode lancet_ets with 160704 rows
2026-04-23 15:05:58,951 | INFO | Running baseline mode: x_driven
2026-04-23 15:05:58,968 | INFO | Built x-driven baseline for strict_main_model using 8 variables; time-effect method=ets_add_damped
2026-04-23 15:05:59,124 | INFO | Built x-driven baseline for strict_top_02 using 8 variables; time-effect method=ets_add_damped
2026-04-23 15:05:59,248 | INFO | Built x-driven baseline for strict_top_03 using 8 variables; time-effect method=ets_add_damped
2026-04-23 15:05:59,403 | INFO | Built x-driven baseline for strict_top_04 using 9 variables; time-effect method=ets_add_damped
2026-04-23 15:05:59,536 | INFO | Built x-driven baseline for strict_top_05 using 8 variables; time-effect method=ets_add_damped
2026-04-23 15:05:59,690 | INFO | Built x-driven baseline for strict_top_06 using 8 variables; time-effect method=ets_add_damped
2026-04-23 15:05:59,813 | INFO | Built x-driven baseline for strict_top_07 using 9 variables; time-effect method=ets_add_damped
2026-04-23 15:05:59,970 | INFO | Built x-driven baseline for strict_top_08 using 8 variables; time-effect method=ets_add_damped
2026-04-23 15:06:00,133 | INFO | Built x-driven baseline for robust_systematic using 9 variables; time-effect method=ets_add_damped
2026-04-23 15:06:00,287 | INFO | Built x-driven baseline for robust_systematic_2 using 9 variables; time-effect method=ets_add_damped
2026-04-23 15:06:00,425 | INFO | Built x-driven baseline for robust_low_vif using 9 variables; time-effect method=ets_add_damped
2026-04-23 15:06:00,580 | INFO | Built x-driven baseline for main_model using 8 variables; time-effect method=ets_add_damped
2026-04-23 15:06:03,993 | INFO | Completed baseline mode x_driven with 160704 rows
2026-04-23 15:06:04,076 | INFO | Top-level metadata: E:\MALA\Code_health\6 未来情景分析\results\run_metadata.json
