2026-04-24 00:18:40,695 | INFO | Log file: E:\MALA\Code_health\6 未来情景分析\logs\run_future_scenario_projection_20260424_001840.log
2026-04-24 00:18:40,713 | INFO | Selected model roles: ['strict_main_model', 'strict_top_02', 'strict_top_03', 'strict_top_04', 'strict_top_05', 'strict_top_06', 'strict_top_07', 'strict_top_08', 'robust_systematic', 'robust_systematic_2', 'robust_low_vif', 'main_model']
2026-04-24 00:18:40,713 | INFO | Union variables: ['GDP', 'PA（%）', 'PM2.5', 'R1xday', 'TA（°C）', '主要城市日照时数', '主要城市降水量', '人均日生活用水量(升)', '医疗水平', '卫生程度\n（日污水处理能力）', '城市用水普及率', '抗菌药物使用强度', '文盲比例', '牲畜饲养\n-猪年底头数', '生活垃圾无害化处理率', '省平均气温', '食品消费量', '饮用水\n供水综合生产能力(万立方米/日)']
2026-04-24 00:18:40,713 | INFO | Baseline modes: ['lancet_ets', 'x_driven']
2026-04-24 00:18:40,890 | INFO | Forecasted GDP for 31 provinces
2026-04-24 00:18:41,643 | INFO | Forecasted PA（%） for 31 provinces
2026-04-24 00:18:42,454 | INFO | Forecasted PM2.5 for 31 provinces
2026-04-24 00:18:43,547 | INFO | Forecasted R1xday for 31 provinces
2026-04-24 00:18:44,316 | INFO | Forecasted TA（°C） for 31 provinces
2026-04-24 00:18:45,140 | INFO | Forecasted 主要城市日照时数 for 31 provinces
2026-04-24 00:18:45,900 | INFO | Forecasted 主要城市降水量 for 31 provinces
2026-04-24 00:18:46,791 | INFO | Forecasted 人均日生活用水量(升) for 31 provinces
2026-04-24 00:18:47,658 | INFO | Forecasted 医疗水平 for 31 provinces
2026-04-24 00:18:48,483 | INFO | Forecasted 卫生程度
（日污水处理能力） for 31 provinces
2026-04-24 00:18:49,346 | INFO | Forecasted 城市用水普及率 for 31 provinces
2026-04-24 00:18:50,201 | INFO | Forecasted 抗菌药物使用强度 for 31 provinces
2026-04-24 00:18:51,124 | INFO | Forecasted 文盲比例 for 31 provinces
2026-04-24 00:18:51,876 | INFO | Forecasted 牲畜饲养
-猪年底头数 for 31 provinces
2026-04-24 00:18:52,747 | INFO | Forecasted 生活垃圾无害化处理率 for 31 provinces
2026-04-24 00:18:53,522 | INFO | Forecasted 省平均气温 for 31 provinces
2026-04-24 00:18:54,389 | INFO | Forecasted 食品消费量 for 31 provinces
2026-04-24 00:18:55,218 | INFO | Forecasted 饮用水
供水综合生产能力(万立方米/日) for 31 provinces
2026-04-24 00:18:55,520 | INFO | Aligned external rx1day by province/scenario/statistic with mean-bias correction; overlap groups=465
2026-04-24 00:18:56,920 | INFO | Aligned external 省平均气温 by province/scenario/statistic with mean-bias correction; overlap groups=465
2026-04-24 00:18:59,965 | INFO | Running baseline mode: lancet_ets
2026-04-24 00:19:00,768 | INFO | Forecasted value for 31 provinces
2026-04-24 00:19:02,215 | INFO | Forecasted value for 31 provinces
2026-04-24 00:19:03,693 | INFO | Forecasted value for 31 provinces
2026-04-24 00:19:05,139 | INFO | Forecasted value for 31 provinces
2026-04-24 00:19:06,606 | INFO | Forecasted value for 31 provinces
2026-04-24 00:19:08,046 | INFO | Forecasted value for 31 provinces
2026-04-24 00:19:09,426 | INFO | Forecasted value for 31 provinces
2026-04-24 00:19:10,730 | INFO | Forecasted value for 31 provinces
2026-04-24 00:19:11,857 | INFO | Forecasted value for 31 provinces
2026-04-24 00:19:13,182 | INFO | Forecasted value for 31 provinces
2026-04-24 00:19:14,551 | INFO | Forecasted value for 31 provinces
2026-04-24 00:19:15,997 | INFO | Forecasted value for 31 provinces
2026-04-24 00:19:29,650 | INFO | Completed baseline mode lancet_ets with 160704 rows
2026-04-24 00:19:29,650 | INFO | Running baseline mode: x_driven
2026-04-24 00:19:29,705 | INFO | Built x-driven baseline for strict_main_model using 8 variables; time-effect method=ets_add_damped
2026-04-24 00:19:30,132 | INFO | Built x-driven baseline for strict_top_02 using 8 variables; time-effect method=ets_add_damped
2026-04-24 00:19:30,739 | INFO | Built x-driven baseline for strict_top_03 using 8 variables; time-effect method=ets_add_damped
2026-04-24 00:19:31,323 | INFO | Built x-driven baseline for strict_top_04 using 9 variables; time-effect method=ets_add_damped
2026-04-24 00:19:32,154 | INFO | Built x-driven baseline for strict_top_05 using 8 variables; time-effect method=ets_add_damped
2026-04-24 00:19:32,774 | INFO | Built x-driven baseline for strict_top_06 using 8 variables; time-effect method=ets_add_damped
2026-04-24 00:19:33,376 | INFO | Built x-driven baseline for strict_top_07 using 9 variables; time-effect method=ets_add_damped
2026-04-24 00:19:33,981 | INFO | Built x-driven baseline for strict_top_08 using 8 variables; time-effect method=ets_add_damped
2026-04-24 00:19:34,574 | INFO | Built x-driven baseline for robust_systematic using 9 variables; time-effect method=ets_add_damped
2026-04-24 00:19:35,200 | INFO | Built x-driven baseline for robust_systematic_2 using 9 variables; time-effect method=ets_add_damped
2026-04-24 00:19:35,797 | INFO | Built x-driven baseline for robust_low_vif using 9 variables; time-effect method=ets_add_damped
2026-04-24 00:19:36,392 | INFO | Built x-driven baseline for main_model using 8 variables; time-effect method=ets_add_damped
2026-04-24 00:19:50,577 | INFO | Completed baseline mode x_driven with 160704 rows
2026-04-24 00:19:50,788 | INFO | Top-level metadata: E:\MALA\Code_health\6 未来情景分析\results\run_metadata.json
