2026-04-23 15:13:15,545 | INFO | Log file: E:\MALA\Code_health\6 未来情景分析\logs\run_future_scenario_projection_20260423_151315.log
2026-04-23 15:13:15,560 | INFO | Selected model roles: ['strict_main_model', 'strict_top_02', 'strict_top_03', 'strict_top_04', 'strict_top_05', 'strict_top_06', 'strict_top_07', 'strict_top_08', 'robust_systematic', 'robust_systematic_2', 'robust_low_vif', 'main_model']
2026-04-23 15:13:15,560 | INFO | Union variables: ['GDP', 'PA（%）', 'PM2.5', 'R1xday', 'TA（°C）', '主要城市日照时数', '主要城市降水量', '人均日生活用水量(升)', '医疗水平', '卫生程度\n（日污水处理能力）', '城市用水普及率', '抗菌药物使用强度', '文盲比例', '牲畜饲养\n-猪年底头数', '生活垃圾无害化处理率', '省平均气温', '食品消费量', '饮用水\n供水综合生产能力(万立方米/日)']
2026-04-23 15:13:15,561 | INFO | Baseline modes: ['lancet_ets', 'x_driven']
2026-04-23 15:13:15,706 | INFO | Forecasted GDP for 31 provinces
2026-04-23 15:13:15,877 | INFO | Forecasted PA（%） for 31 provinces
2026-04-23 15:13:16,041 | INFO | Forecasted PM2.5 for 31 provinces
2026-04-23 15:13:16,210 | INFO | Forecasted R1xday for 31 provinces
2026-04-23 15:13:16,360 | INFO | Forecasted TA（°C） for 31 provinces
2026-04-23 15:13:16,617 | INFO | Forecasted 主要城市日照时数 for 31 provinces
2026-04-23 15:13:16,749 | INFO | Forecasted 主要城市降水量 for 31 provinces
2026-04-23 15:13:16,905 | INFO | Forecasted 人均日生活用水量(升) for 31 provinces
2026-04-23 15:13:17,062 | INFO | Forecasted 医疗水平 for 31 provinces
2026-04-23 15:13:17,220 | INFO | Forecasted 卫生程度
（日污水处理能力） for 31 provinces
2026-04-23 15:13:17,379 | INFO | Forecasted 城市用水普及率 for 31 provinces
2026-04-23 15:13:17,532 | INFO | Forecasted 抗菌药物使用强度 for 31 provinces
2026-04-23 15:13:17,691 | INFO | Forecasted 文盲比例 for 31 provinces
2026-04-23 15:13:17,843 | INFO | Forecasted 牲畜饲养
-猪年底头数 for 31 provinces
2026-04-23 15:13:18,005 | INFO | Forecasted 生活垃圾无害化处理率 for 31 provinces
2026-04-23 15:13:18,165 | INFO | Forecasted 省平均气温 for 31 provinces
2026-04-23 15:13:18,350 | INFO | Forecasted 食品消费量 for 31 provinces
2026-04-23 15:13:18,503 | INFO | Forecasted 饮用水
供水综合生产能力(万立方米/日) for 31 provinces
2026-04-23 15:13:18,597 | INFO | Aligned external rx1day by province/scenario/statistic with mean-bias correction; overlap groups=465
2026-04-23 15:13:19,291 | INFO | Running baseline mode: lancet_ets
2026-04-23 15:13:19,460 | INFO | Forecasted value for 31 provinces
2026-04-23 15:13:19,777 | INFO | Forecasted value for 31 provinces
2026-04-23 15:13:20,150 | INFO | Forecasted value for 31 provinces
2026-04-23 15:13:20,511 | INFO | Forecasted value for 31 provinces
2026-04-23 15:13:20,817 | INFO | Forecasted value for 31 provinces
2026-04-23 15:13:21,090 | INFO | Forecasted value for 31 provinces
2026-04-23 15:13:21,343 | INFO | Forecasted value for 31 provinces
2026-04-23 15:13:21,619 | INFO | Forecasted value for 31 provinces
2026-04-23 15:13:21,870 | INFO | Forecasted value for 31 provinces
2026-04-23 15:13:22,127 | INFO | Forecasted value for 31 provinces
2026-04-23 15:13:22,382 | INFO | Forecasted value for 31 provinces
2026-04-23 15:13:22,643 | INFO | Forecasted value for 31 provinces
2026-04-23 15:13:25,831 | INFO | Completed baseline mode lancet_ets with 160704 rows
2026-04-23 15:13:25,831 | INFO | Running baseline mode: x_driven
2026-04-23 15:13:25,848 | INFO | Built x-driven baseline for strict_main_model using 8 variables; time-effect method=ets_add_damped
2026-04-23 15:13:25,973 | INFO | Built x-driven baseline for strict_top_02 using 8 variables; time-effect method=ets_add_damped
2026-04-23 15:13:26,117 | INFO | Built x-driven baseline for strict_top_03 using 8 variables; time-effect method=ets_add_damped
2026-04-23 15:13:26,277 | INFO | Built x-driven baseline for strict_top_04 using 9 variables; time-effect method=ets_add_damped
2026-04-23 15:13:26,420 | INFO | Built x-driven baseline for strict_top_05 using 8 variables; time-effect method=ets_add_damped
2026-04-23 15:13:26,548 | INFO | Built x-driven baseline for strict_top_06 using 8 variables; time-effect method=ets_add_damped
2026-04-23 15:13:26,680 | INFO | Built x-driven baseline for strict_top_07 using 9 variables; time-effect method=ets_add_damped
2026-04-23 15:13:26,814 | INFO | Built x-driven baseline for strict_top_08 using 8 variables; time-effect method=ets_add_damped
2026-04-23 15:13:26,940 | INFO | Built x-driven baseline for robust_systematic using 9 variables; time-effect method=ets_add_damped
2026-04-23 15:13:27,070 | INFO | Built x-driven baseline for robust_systematic_2 using 9 variables; time-effect method=ets_add_damped
2026-04-23 15:13:27,194 | INFO | Built x-driven baseline for robust_low_vif using 9 variables; time-effect method=ets_add_damped
2026-04-23 15:13:27,314 | INFO | Built x-driven baseline for main_model using 8 variables; time-effect method=ets_add_damped
2026-04-23 15:13:30,320 | INFO | Completed baseline mode x_driven with 160704 rows
2026-04-23 15:13:30,396 | INFO | Top-level metadata: E:\MALA\Code_health\6 未来情景分析\results\run_metadata.json
